[2025-12-18T00:36:23.255+0000] {local_task_job_runner.py:120} INFO - ::group::Pre task execution logs
[2025-12-18T00:36:23.270+0000] {taskinstance.py:2076} INFO - Dependencies all met for dep_context=non-requeueable deps ti=<TaskInstance: update_db.staging_table manual__2025-12-18T00:36:22.660896+00:00 [queued]>
[2025-12-18T00:36:23.275+0000] {taskinstance.py:2076} INFO - Dependencies all met for dep_context=requeueable deps ti=<TaskInstance: update_db.staging_table manual__2025-12-18T00:36:22.660896+00:00 [queued]>
[2025-12-18T00:36:23.275+0000] {taskinstance.py:2306} INFO - Starting attempt 1 of 1
[2025-12-18T00:36:23.281+0000] {taskinstance.py:2330} INFO - Executing <Task(_PythonDecoratedOperator): staging_table> on 2025-12-18 00:36:22.660896+00:00
[2025-12-18T00:36:23.285+0000] {standard_task_runner.py:63} INFO - Started process 2358 to run task
[2025-12-18T00:36:23.289+0000] {standard_task_runner.py:90} INFO - Running: ['airflow', 'tasks', 'run', 'update_db', 'staging_table', 'manual__2025-12-18T00:36:22.660896+00:00', '--job-id', '39', '--raw', '--subdir', 'DAGS_FOLDER/main.py', '--cfg-path', '/tmp/tmpm5n9lmd4']
[2025-12-18T00:36:23.290+0000] {standard_task_runner.py:91} INFO - Job 39: Subtask staging_table
[2025-12-18T00:36:23.329+0000] {task_command.py:426} INFO - Running <TaskInstance: update_db.staging_table manual__2025-12-18T00:36:22.660896+00:00 [running]> on host 9ba82346e0a1
[2025-12-18T00:36:23.378+0000] {taskinstance.py:2648} INFO - Exporting env vars: AIRFLOW_CTX_DAG_EMAIL='data@engineers.com' AIRFLOW_CTX_DAG_OWNER='airflow' AIRFLOW_CTX_DAG_ID='update_db' AIRFLOW_CTX_TASK_ID='staging_table' AIRFLOW_CTX_EXECUTION_DATE='2025-12-18T00:36:22.660896+00:00' AIRFLOW_CTX_TRY_NUMBER='1' AIRFLOW_CTX_DAG_RUN_ID='manual__2025-12-18T00:36:22.660896+00:00'
[2025-12-18T00:36:23.379+0000] {taskinstance.py:430} INFO - ::endgroup::
[2025-12-18T00:36:23.390+0000] {base.py:84} INFO - Using connection ID 'POSTGRES_DB_YT_ELT' for task execution.
[2025-12-18T00:36:23.396+0000] {data_loading.py:13} INFO - Processing file: YT_data(2025-12-18.json)
[2025-12-18T00:36:23.405+0000] {base.py:84} INFO - Using connection ID 'POSTGRES_DB_YT_ELT' for task execution.
[2025-12-18T00:36:23.413+0000] {base.py:84} INFO - Using connection ID 'POSTGRES_DB_YT_ELT' for task execution.
[2025-12-18T00:36:23.420+0000] {data_modification.py:43} ERROR - Error inserting row with Video_ID: fO5FwBcCJBY
[2025-12-18T00:36:23.421+0000] {dwh.py:54} ERROR - Error processing staging table: 'video_Id'
[2025-12-18T00:36:23.422+0000] {taskinstance.py:441} INFO - ::group::Post task execution logs
[2025-12-18T00:36:23.423+0000] {taskinstance.py:2905} ERROR - Task failed with exception
Traceback (most recent call last):
  File "/home/airflow/.local/lib/python3.10/site-packages/airflow/models/taskinstance.py", line 465, in _execute_task
    result = _execute_callable(context=context, **execute_callable_kwargs)
  File "/home/airflow/.local/lib/python3.10/site-packages/airflow/models/taskinstance.py", line 432, in _execute_callable
    return execute_callable(context=context, **execute_callable_kwargs)
  File "/home/airflow/.local/lib/python3.10/site-packages/airflow/models/baseoperator.py", line 401, in wrapper
    return func(self, *args, **kwargs)
  File "/home/airflow/.local/lib/python3.10/site-packages/airflow/decorators/base.py", line 265, in execute
    return_value = super().execute(context)
  File "/home/airflow/.local/lib/python3.10/site-packages/airflow/models/baseoperator.py", line 401, in wrapper
    return func(self, *args, **kwargs)
  File "/home/airflow/.local/lib/python3.10/site-packages/airflow/operators/python.py", line 235, in execute
    return_value = self.execute_callable()
  File "/home/airflow/.local/lib/python3.10/site-packages/airflow/operators/python.py", line 252, in execute_callable
    return self.python_callable(*self.op_args, **self.op_kwargs)
  File "/opt/airflow/dags/datawarehouse/dwh.py", line 55, in staging_table
    raise e
  File "/opt/airflow/dags/datawarehouse/dwh.py", line 36, in staging_table
    insert_rows(cur, conn, schema, row)
  File "/opt/airflow/dags/datawarehouse/data_modification.py", line 44, in insert_rows
    raise e
  File "/opt/airflow/dags/datawarehouse/data_modification.py", line 15, in insert_rows
    cur.execute(
  File "/home/airflow/.local/lib/python3.10/site-packages/psycopg2/extras.py", line 236, in execute
    return super().execute(query, vars)
KeyError: 'video_Id'
[2025-12-18T00:36:23.434+0000] {taskinstance.py:1206} INFO - Marking task as FAILED. dag_id=update_db, task_id=staging_table, run_id=manual__2025-12-18T00:36:22.660896+00:00, execution_date=20251218T003622, start_date=20251218T003623, end_date=20251218T003623
[2025-12-18T00:36:23.441+0000] {standard_task_runner.py:110} ERROR - Failed to execute job 39 for task staging_table ('video_Id'; 2358)
[2025-12-18T00:36:23.461+0000] {local_task_job_runner.py:240} INFO - Task exited with return code 1
[2025-12-18T00:36:23.480+0000] {taskinstance.py:3503} INFO - 0 downstream tasks scheduled from follow-on schedule check
[2025-12-18T00:36:23.488+0000] {local_task_job_runner.py:222} INFO - ::endgroup::
