[2025-12-13T00:34:55.875+0000] {processor.py:161} INFO - Started process (PID=9139) to work on /opt/airflow/dags/main.py
[2025-12-13T00:34:55.876+0000] {processor.py:830} INFO - Processing file /opt/airflow/dags/main.py for tasks to queue
[2025-12-13T00:34:55.878+0000] {logging_mixin.py:188} INFO - [2025-12-13T00:34:55.878+0000] {dagbag.py:545} INFO - Filling up the DagBag from /opt/airflow/dags/main.py
[2025-12-13T00:34:55.900+0000] {processor.py:840} INFO - DAG(s) 'produce_json' retrieved from /opt/airflow/dags/main.py
[2025-12-13T00:34:56.003+0000] {logging_mixin.py:188} INFO - [2025-12-13T00:34:56.003+0000] {dag.py:3096} INFO - Sync 1 DAGs
[2025-12-13T00:34:56.014+0000] {logging_mixin.py:188} INFO - [2025-12-13T00:34:56.014+0000] {dag.py:3954} INFO - Setting next_dagrun for produce_json to 2025-12-12 01:45:00+00:00, run_after=2025-12-13 01:45:00+00:00
[2025-12-13T00:34:56.022+0000] {processor.py:183} INFO - Processing /opt/airflow/dags/main.py took 0.152 seconds
[2025-12-13T01:03:50.527+0000] {processor.py:161} INFO - Started process (PID=9146) to work on /opt/airflow/dags/main.py
[2025-12-13T01:03:50.528+0000] {processor.py:830} INFO - Processing file /opt/airflow/dags/main.py for tasks to queue
[2025-12-13T01:03:50.532+0000] {logging_mixin.py:188} INFO - [2025-12-13T01:03:50.531+0000] {dagbag.py:545} INFO - Filling up the DagBag from /opt/airflow/dags/main.py
[2025-12-13T01:03:50.563+0000] {processor.py:840} INFO - DAG(s) 'produce_json' retrieved from /opt/airflow/dags/main.py
[2025-12-13T01:03:50.584+0000] {logging_mixin.py:188} INFO - [2025-12-13T01:03:50.584+0000] {dag.py:3096} INFO - Sync 1 DAGs
[2025-12-13T01:03:50.598+0000] {logging_mixin.py:188} INFO - [2025-12-13T01:03:50.597+0000] {dag.py:3954} INFO - Setting next_dagrun for produce_json to 2025-12-12 01:45:00+00:00, run_after=2025-12-13 01:45:00+00:00
[2025-12-13T01:03:50.608+0000] {processor.py:183} INFO - Processing /opt/airflow/dags/main.py took 0.090 seconds
[2025-12-13T02:03:24.534+0000] {processor.py:161} INFO - Started process (PID=9153) to work on /opt/airflow/dags/main.py
[2025-12-13T02:03:24.536+0000] {processor.py:830} INFO - Processing file /opt/airflow/dags/main.py for tasks to queue
[2025-12-13T02:03:24.539+0000] {logging_mixin.py:188} INFO - [2025-12-13T02:03:24.539+0000] {dagbag.py:545} INFO - Filling up the DagBag from /opt/airflow/dags/main.py
[2025-12-13T02:03:24.568+0000] {processor.py:840} INFO - DAG(s) 'produce_json' retrieved from /opt/airflow/dags/main.py
[2025-12-13T02:03:24.600+0000] {logging_mixin.py:188} INFO - [2025-12-13T02:03:24.600+0000] {dag.py:3096} INFO - Sync 1 DAGs
[2025-12-13T02:03:24.795+0000] {logging_mixin.py:188} INFO - [2025-12-13T02:03:24.795+0000] {dag.py:3954} INFO - Setting next_dagrun for produce_json to 2025-12-13 01:45:00+00:00, run_after=2025-12-14 01:45:00+00:00
[2025-12-13T02:03:24.805+0000] {processor.py:183} INFO - Processing /opt/airflow/dags/main.py took 0.282 seconds
[2025-12-13T02:05:00.148+0000] {processor.py:161} INFO - Started process (PID=9159) to work on /opt/airflow/dags/main.py
[2025-12-13T02:05:00.184+0000] {processor.py:830} INFO - Processing file /opt/airflow/dags/main.py for tasks to queue
[2025-12-13T02:05:00.225+0000] {logging_mixin.py:188} INFO - [2025-12-13T02:05:00.224+0000] {dagbag.py:545} INFO - Filling up the DagBag from /opt/airflow/dags/main.py
[2025-12-13T02:05:00.527+0000] {processor.py:840} INFO - DAG(s) 'produce_json' retrieved from /opt/airflow/dags/main.py
[2025-12-13T02:05:00.757+0000] {logging_mixin.py:188} INFO - [2025-12-13T02:05:00.757+0000] {dag.py:3096} INFO - Sync 1 DAGs
[2025-12-13T02:05:01.281+0000] {logging_mixin.py:188} INFO - [2025-12-13T02:05:01.280+0000] {dag.py:3954} INFO - Setting next_dagrun for produce_json to 2025-12-13 01:45:00+00:00, run_after=2025-12-14 01:45:00+00:00
[2025-12-13T02:05:01.363+0000] {processor.py:183} INFO - Processing /opt/airflow/dags/main.py took 1.255 seconds
[2025-12-13T02:36:38.340+0000] {processor.py:161} INFO - Started process (PID=9165) to work on /opt/airflow/dags/main.py
[2025-12-13T02:36:38.344+0000] {processor.py:830} INFO - Processing file /opt/airflow/dags/main.py for tasks to queue
[2025-12-13T02:36:38.366+0000] {logging_mixin.py:188} INFO - [2025-12-13T02:36:38.366+0000] {dagbag.py:545} INFO - Filling up the DagBag from /opt/airflow/dags/main.py
[2025-12-13T02:36:38.858+0000] {processor.py:840} INFO - DAG(s) 'produce_json' retrieved from /opt/airflow/dags/main.py
[2025-12-13T02:36:39.095+0000] {logging_mixin.py:188} INFO - [2025-12-13T02:36:39.095+0000] {dag.py:3096} INFO - Sync 1 DAGs
[2025-12-13T02:36:39.843+0000] {logging_mixin.py:188} INFO - [2025-12-13T02:36:39.843+0000] {dag.py:3954} INFO - Setting next_dagrun for produce_json to 2025-12-13 01:45:00+00:00, run_after=2025-12-14 01:45:00+00:00
[2025-12-13T02:36:39.917+0000] {processor.py:183} INFO - Processing /opt/airflow/dags/main.py took 1.589 seconds
[2025-12-13T02:49:20.467+0000] {processor.py:161} INFO - Started process (PID=9172) to work on /opt/airflow/dags/main.py
[2025-12-13T02:49:20.469+0000] {processor.py:830} INFO - Processing file /opt/airflow/dags/main.py for tasks to queue
[2025-12-13T02:49:20.472+0000] {logging_mixin.py:188} INFO - [2025-12-13T02:49:20.471+0000] {dagbag.py:545} INFO - Filling up the DagBag from /opt/airflow/dags/main.py
[2025-12-13T02:49:20.501+0000] {processor.py:840} INFO - DAG(s) 'produce_json' retrieved from /opt/airflow/dags/main.py
[2025-12-13T02:49:20.620+0000] {logging_mixin.py:188} INFO - [2025-12-13T02:49:20.619+0000] {dag.py:3096} INFO - Sync 1 DAGs
[2025-12-13T02:49:20.630+0000] {logging_mixin.py:188} INFO - [2025-12-13T02:49:20.630+0000] {dag.py:3954} INFO - Setting next_dagrun for produce_json to 2025-12-13 01:45:00+00:00, run_after=2025-12-14 01:45:00+00:00
[2025-12-13T02:49:20.638+0000] {processor.py:183} INFO - Processing /opt/airflow/dags/main.py took 0.179 seconds
[2025-12-13T03:22:15.656+0000] {processor.py:161} INFO - Started process (PID=9179) to work on /opt/airflow/dags/main.py
[2025-12-13T03:22:15.657+0000] {processor.py:830} INFO - Processing file /opt/airflow/dags/main.py for tasks to queue
[2025-12-13T03:22:15.659+0000] {logging_mixin.py:188} INFO - [2025-12-13T03:22:15.659+0000] {dagbag.py:545} INFO - Filling up the DagBag from /opt/airflow/dags/main.py
[2025-12-13T03:22:15.759+0000] {processor.py:840} INFO - DAG(s) 'produce_json' retrieved from /opt/airflow/dags/main.py
[2025-12-13T03:22:15.775+0000] {logging_mixin.py:188} INFO - [2025-12-13T03:22:15.775+0000] {dag.py:3096} INFO - Sync 1 DAGs
[2025-12-13T03:22:15.784+0000] {logging_mixin.py:188} INFO - [2025-12-13T03:22:15.784+0000] {dag.py:3954} INFO - Setting next_dagrun for produce_json to 2025-12-13 01:45:00+00:00, run_after=2025-12-14 01:45:00+00:00
[2025-12-13T03:22:15.791+0000] {processor.py:183} INFO - Processing /opt/airflow/dags/main.py took 0.142 seconds
[2025-12-13T03:50:17.936+0000] {processor.py:161} INFO - Started process (PID=9186) to work on /opt/airflow/dags/main.py
[2025-12-13T03:50:17.938+0000] {processor.py:830} INFO - Processing file /opt/airflow/dags/main.py for tasks to queue
[2025-12-13T03:50:17.941+0000] {logging_mixin.py:188} INFO - [2025-12-13T03:50:17.940+0000] {dagbag.py:545} INFO - Filling up the DagBag from /opt/airflow/dags/main.py
[2025-12-13T03:50:17.964+0000] {processor.py:840} INFO - DAG(s) 'produce_json' retrieved from /opt/airflow/dags/main.py
[2025-12-13T03:50:17.983+0000] {logging_mixin.py:188} INFO - [2025-12-13T03:50:17.983+0000] {dag.py:3096} INFO - Sync 1 DAGs
[2025-12-13T03:50:17.994+0000] {logging_mixin.py:188} INFO - [2025-12-13T03:50:17.994+0000] {dag.py:3954} INFO - Setting next_dagrun for produce_json to 2025-12-13 01:45:00+00:00, run_after=2025-12-14 01:45:00+00:00
[2025-12-13T03:50:18.073+0000] {processor.py:183} INFO - Processing /opt/airflow/dags/main.py took 0.143 seconds
[2025-12-13T04:28:15.803+0000] {processor.py:161} INFO - Started process (PID=9193) to work on /opt/airflow/dags/main.py
[2025-12-13T04:28:15.805+0000] {processor.py:830} INFO - Processing file /opt/airflow/dags/main.py for tasks to queue
[2025-12-13T04:28:15.809+0000] {logging_mixin.py:188} INFO - [2025-12-13T04:28:15.808+0000] {dagbag.py:545} INFO - Filling up the DagBag from /opt/airflow/dags/main.py
[2025-12-13T04:28:15.833+0000] {processor.py:840} INFO - DAG(s) 'produce_json' retrieved from /opt/airflow/dags/main.py
[2025-12-13T04:28:15.853+0000] {logging_mixin.py:188} INFO - [2025-12-13T04:28:15.853+0000] {dag.py:3096} INFO - Sync 1 DAGs
[2025-12-13T04:28:15.937+0000] {logging_mixin.py:188} INFO - [2025-12-13T04:28:15.937+0000] {dag.py:3954} INFO - Setting next_dagrun for produce_json to 2025-12-13 01:45:00+00:00, run_after=2025-12-14 01:45:00+00:00
[2025-12-13T04:28:15.945+0000] {processor.py:183} INFO - Processing /opt/airflow/dags/main.py took 0.151 seconds
[2025-12-13T04:45:06.218+0000] {processor.py:161} INFO - Started process (PID=9200) to work on /opt/airflow/dags/main.py
[2025-12-13T04:45:06.221+0000] {processor.py:830} INFO - Processing file /opt/airflow/dags/main.py for tasks to queue
[2025-12-13T04:45:06.224+0000] {logging_mixin.py:188} INFO - [2025-12-13T04:45:06.223+0000] {dagbag.py:545} INFO - Filling up the DagBag from /opt/airflow/dags/main.py
[2025-12-13T04:45:06.248+0000] {processor.py:840} INFO - DAG(s) 'produce_json' retrieved from /opt/airflow/dags/main.py
[2025-12-13T04:45:06.269+0000] {logging_mixin.py:188} INFO - [2025-12-13T04:45:06.269+0000] {dag.py:3096} INFO - Sync 1 DAGs
[2025-12-13T04:45:06.361+0000] {logging_mixin.py:188} INFO - [2025-12-13T04:45:06.360+0000] {dag.py:3954} INFO - Setting next_dagrun for produce_json to 2025-12-13 01:45:00+00:00, run_after=2025-12-14 01:45:00+00:00
[2025-12-13T04:45:06.368+0000] {processor.py:183} INFO - Processing /opt/airflow/dags/main.py took 0.164 seconds
[2025-12-13T05:08:07.879+0000] {processor.py:161} INFO - Started process (PID=9207) to work on /opt/airflow/dags/main.py
[2025-12-13T05:08:07.881+0000] {processor.py:830} INFO - Processing file /opt/airflow/dags/main.py for tasks to queue
[2025-12-13T05:08:07.882+0000] {logging_mixin.py:188} INFO - [2025-12-13T05:08:07.882+0000] {dagbag.py:545} INFO - Filling up the DagBag from /opt/airflow/dags/main.py
[2025-12-13T05:08:07.902+0000] {processor.py:840} INFO - DAG(s) 'produce_json' retrieved from /opt/airflow/dags/main.py
[2025-12-13T05:08:07.994+0000] {logging_mixin.py:188} INFO - [2025-12-13T05:08:07.994+0000] {dag.py:3096} INFO - Sync 1 DAGs
[2025-12-13T05:08:08.004+0000] {logging_mixin.py:188} INFO - [2025-12-13T05:08:08.004+0000] {dag.py:3954} INFO - Setting next_dagrun for produce_json to 2025-12-13 01:45:00+00:00, run_after=2025-12-14 01:45:00+00:00
[2025-12-13T05:08:08.012+0000] {processor.py:183} INFO - Processing /opt/airflow/dags/main.py took 0.138 seconds
[2025-12-13T05:08:58.274+0000] {processor.py:161} INFO - Started process (PID=9214) to work on /opt/airflow/dags/main.py
[2025-12-13T05:08:58.276+0000] {processor.py:830} INFO - Processing file /opt/airflow/dags/main.py for tasks to queue
[2025-12-13T05:08:58.279+0000] {logging_mixin.py:188} INFO - [2025-12-13T05:08:58.279+0000] {dagbag.py:545} INFO - Filling up the DagBag from /opt/airflow/dags/main.py
[2025-12-13T05:08:58.311+0000] {processor.py:840} INFO - DAG(s) 'produce_json' retrieved from /opt/airflow/dags/main.py
[2025-12-13T05:08:58.405+0000] {logging_mixin.py:188} INFO - [2025-12-13T05:08:58.405+0000] {dag.py:3096} INFO - Sync 1 DAGs
[2025-12-13T05:08:58.415+0000] {logging_mixin.py:188} INFO - [2025-12-13T05:08:58.414+0000] {dag.py:3954} INFO - Setting next_dagrun for produce_json to 2025-12-13 01:45:00+00:00, run_after=2025-12-14 01:45:00+00:00
[2025-12-13T05:08:58.422+0000] {processor.py:183} INFO - Processing /opt/airflow/dags/main.py took 0.159 seconds
[2025-12-13T05:09:35.438+0000] {processor.py:161} INFO - Started process (PID=9221) to work on /opt/airflow/dags/main.py
[2025-12-13T05:09:35.439+0000] {processor.py:830} INFO - Processing file /opt/airflow/dags/main.py for tasks to queue
[2025-12-13T05:09:35.441+0000] {logging_mixin.py:188} INFO - [2025-12-13T05:09:35.441+0000] {dagbag.py:545} INFO - Filling up the DagBag from /opt/airflow/dags/main.py
[2025-12-13T05:09:35.540+0000] {processor.py:840} INFO - DAG(s) 'produce_json' retrieved from /opt/airflow/dags/main.py
[2025-12-13T05:09:35.556+0000] {logging_mixin.py:188} INFO - [2025-12-13T05:09:35.556+0000] {dag.py:3096} INFO - Sync 1 DAGs
[2025-12-13T05:09:35.566+0000] {logging_mixin.py:188} INFO - [2025-12-13T05:09:35.566+0000] {dag.py:3954} INFO - Setting next_dagrun for produce_json to 2025-12-13 01:45:00+00:00, run_after=2025-12-14 01:45:00+00:00
[2025-12-13T05:09:35.573+0000] {processor.py:183} INFO - Processing /opt/airflow/dags/main.py took 0.141 seconds
[2025-12-13T05:12:45.653+0000] {processor.py:161} INFO - Started process (PID=9228) to work on /opt/airflow/dags/main.py
[2025-12-13T05:12:45.655+0000] {processor.py:830} INFO - Processing file /opt/airflow/dags/main.py for tasks to queue
[2025-12-13T05:12:45.657+0000] {logging_mixin.py:188} INFO - [2025-12-13T05:12:45.657+0000] {dagbag.py:545} INFO - Filling up the DagBag from /opt/airflow/dags/main.py
[2025-12-13T05:12:45.680+0000] {processor.py:840} INFO - DAG(s) 'produce_json' retrieved from /opt/airflow/dags/main.py
[2025-12-13T05:12:45.700+0000] {logging_mixin.py:188} INFO - [2025-12-13T05:12:45.700+0000] {dag.py:3096} INFO - Sync 1 DAGs
[2025-12-13T05:12:45.712+0000] {logging_mixin.py:188} INFO - [2025-12-13T05:12:45.712+0000] {dag.py:3954} INFO - Setting next_dagrun for produce_json to 2025-12-13 01:45:00+00:00, run_after=2025-12-14 01:45:00+00:00
[2025-12-13T05:12:45.797+0000] {processor.py:183} INFO - Processing /opt/airflow/dags/main.py took 0.151 seconds
[2025-12-13T05:28:22.025+0000] {processor.py:161} INFO - Started process (PID=9235) to work on /opt/airflow/dags/main.py
[2025-12-13T05:28:22.027+0000] {processor.py:830} INFO - Processing file /opt/airflow/dags/main.py for tasks to queue
[2025-12-13T05:28:22.030+0000] {logging_mixin.py:188} INFO - [2025-12-13T05:28:22.030+0000] {dagbag.py:545} INFO - Filling up the DagBag from /opt/airflow/dags/main.py
[2025-12-13T05:28:22.057+0000] {processor.py:840} INFO - DAG(s) 'produce_json' retrieved from /opt/airflow/dags/main.py
[2025-12-13T05:28:22.078+0000] {logging_mixin.py:188} INFO - [2025-12-13T05:28:22.078+0000] {dag.py:3096} INFO - Sync 1 DAGs
[2025-12-13T05:28:22.163+0000] {logging_mixin.py:188} INFO - [2025-12-13T05:28:22.163+0000] {dag.py:3954} INFO - Setting next_dagrun for produce_json to 2025-12-13 01:45:00+00:00, run_after=2025-12-14 01:45:00+00:00
[2025-12-13T05:28:22.171+0000] {processor.py:183} INFO - Processing /opt/airflow/dags/main.py took 0.154 seconds
[2025-12-13T05:52:17.538+0000] {processor.py:161} INFO - Started process (PID=9242) to work on /opt/airflow/dags/main.py
[2025-12-13T05:52:17.539+0000] {processor.py:830} INFO - Processing file /opt/airflow/dags/main.py for tasks to queue
[2025-12-13T05:52:17.542+0000] {logging_mixin.py:188} INFO - [2025-12-13T05:52:17.541+0000] {dagbag.py:545} INFO - Filling up the DagBag from /opt/airflow/dags/main.py
[2025-12-13T05:52:17.568+0000] {processor.py:840} INFO - DAG(s) 'produce_json' retrieved from /opt/airflow/dags/main.py
[2025-12-13T05:52:17.590+0000] {logging_mixin.py:188} INFO - [2025-12-13T05:52:17.590+0000] {dag.py:3096} INFO - Sync 1 DAGs
[2025-12-13T05:52:17.703+0000] {logging_mixin.py:188} INFO - [2025-12-13T05:52:17.702+0000] {dag.py:3954} INFO - Setting next_dagrun for produce_json to 2025-12-13 01:45:00+00:00, run_after=2025-12-14 01:45:00+00:00
[2025-12-13T05:52:17.711+0000] {processor.py:183} INFO - Processing /opt/airflow/dags/main.py took 0.179 seconds
[2025-12-13T05:55:09.750+0000] {processor.py:161} INFO - Started process (PID=9249) to work on /opt/airflow/dags/main.py
[2025-12-13T05:55:09.753+0000] {processor.py:830} INFO - Processing file /opt/airflow/dags/main.py for tasks to queue
[2025-12-13T05:55:09.756+0000] {logging_mixin.py:188} INFO - [2025-12-13T05:55:09.755+0000] {dagbag.py:545} INFO - Filling up the DagBag from /opt/airflow/dags/main.py
[2025-12-13T05:55:09.782+0000] {processor.py:840} INFO - DAG(s) 'produce_json' retrieved from /opt/airflow/dags/main.py
[2025-12-13T05:55:09.873+0000] {logging_mixin.py:188} INFO - [2025-12-13T05:55:09.873+0000] {dag.py:3096} INFO - Sync 1 DAGs
[2025-12-13T05:55:09.883+0000] {logging_mixin.py:188} INFO - [2025-12-13T05:55:09.883+0000] {dag.py:3954} INFO - Setting next_dagrun for produce_json to 2025-12-13 01:45:00+00:00, run_after=2025-12-14 01:45:00+00:00
[2025-12-13T05:55:09.891+0000] {processor.py:183} INFO - Processing /opt/airflow/dags/main.py took 0.151 seconds
[2025-12-13T06:14:17.232+0000] {processor.py:161} INFO - Started process (PID=9256) to work on /opt/airflow/dags/main.py
[2025-12-13T06:14:17.233+0000] {processor.py:830} INFO - Processing file /opt/airflow/dags/main.py for tasks to queue
[2025-12-13T06:14:17.236+0000] {logging_mixin.py:188} INFO - [2025-12-13T06:14:17.235+0000] {dagbag.py:545} INFO - Filling up the DagBag from /opt/airflow/dags/main.py
[2025-12-13T06:14:17.335+0000] {processor.py:840} INFO - DAG(s) 'produce_json' retrieved from /opt/airflow/dags/main.py
[2025-12-13T06:14:17.351+0000] {logging_mixin.py:188} INFO - [2025-12-13T06:14:17.351+0000] {dag.py:3096} INFO - Sync 1 DAGs
[2025-12-13T06:14:17.360+0000] {logging_mixin.py:188} INFO - [2025-12-13T06:14:17.360+0000] {dag.py:3954} INFO - Setting next_dagrun for produce_json to 2025-12-13 01:45:00+00:00, run_after=2025-12-14 01:45:00+00:00
[2025-12-13T06:14:17.367+0000] {processor.py:183} INFO - Processing /opt/airflow/dags/main.py took 0.144 seconds
[2025-12-13T06:30:55.411+0000] {processor.py:161} INFO - Started process (PID=9263) to work on /opt/airflow/dags/main.py
[2025-12-13T06:30:55.412+0000] {processor.py:830} INFO - Processing file /opt/airflow/dags/main.py for tasks to queue
[2025-12-13T06:30:55.414+0000] {logging_mixin.py:188} INFO - [2025-12-13T06:30:55.413+0000] {dagbag.py:545} INFO - Filling up the DagBag from /opt/airflow/dags/main.py
[2025-12-13T06:30:55.434+0000] {processor.py:840} INFO - DAG(s) 'produce_json' retrieved from /opt/airflow/dags/main.py
[2025-12-13T06:30:55.453+0000] {logging_mixin.py:188} INFO - [2025-12-13T06:30:55.453+0000] {dag.py:3096} INFO - Sync 1 DAGs
[2025-12-13T06:30:55.466+0000] {logging_mixin.py:188} INFO - [2025-12-13T06:30:55.465+0000] {dag.py:3954} INFO - Setting next_dagrun for produce_json to 2025-12-13 01:45:00+00:00, run_after=2025-12-14 01:45:00+00:00
[2025-12-13T06:30:55.556+0000] {processor.py:183} INFO - Processing /opt/airflow/dags/main.py took 0.152 seconds
[2025-12-13T06:37:11.609+0000] {processor.py:161} INFO - Started process (PID=9270) to work on /opt/airflow/dags/main.py
[2025-12-13T06:37:11.611+0000] {processor.py:830} INFO - Processing file /opt/airflow/dags/main.py for tasks to queue
[2025-12-13T06:37:11.614+0000] {logging_mixin.py:188} INFO - [2025-12-13T06:37:11.613+0000] {dagbag.py:545} INFO - Filling up the DagBag from /opt/airflow/dags/main.py
[2025-12-13T06:37:11.641+0000] {processor.py:840} INFO - DAG(s) 'produce_json' retrieved from /opt/airflow/dags/main.py
[2025-12-13T06:37:11.681+0000] {logging_mixin.py:188} INFO - [2025-12-13T06:37:11.680+0000] {dag.py:3096} INFO - Sync 1 DAGs
[2025-12-13T06:37:11.813+0000] {logging_mixin.py:188} INFO - [2025-12-13T06:37:11.813+0000] {dag.py:3954} INFO - Setting next_dagrun for produce_json to 2025-12-13 01:45:00+00:00, run_after=2025-12-14 01:45:00+00:00
[2025-12-13T06:37:11.824+0000] {processor.py:183} INFO - Processing /opt/airflow/dags/main.py took 0.225 seconds
[2025-12-13T06:38:11.446+0000] {processor.py:161} INFO - Started process (PID=9277) to work on /opt/airflow/dags/main.py
[2025-12-13T06:38:11.448+0000] {processor.py:830} INFO - Processing file /opt/airflow/dags/main.py for tasks to queue
[2025-12-13T06:38:11.451+0000] {logging_mixin.py:188} INFO - [2025-12-13T06:38:11.451+0000] {dagbag.py:545} INFO - Filling up the DagBag from /opt/airflow/dags/main.py
[2025-12-13T06:38:11.484+0000] {processor.py:840} INFO - DAG(s) 'produce_json' retrieved from /opt/airflow/dags/main.py
[2025-12-13T06:38:11.507+0000] {logging_mixin.py:188} INFO - [2025-12-13T06:38:11.507+0000] {dag.py:3096} INFO - Sync 1 DAGs
[2025-12-13T06:38:11.598+0000] {logging_mixin.py:188} INFO - [2025-12-13T06:38:11.598+0000] {dag.py:3954} INFO - Setting next_dagrun for produce_json to 2025-12-13 01:45:00+00:00, run_after=2025-12-14 01:45:00+00:00
[2025-12-13T06:38:11.607+0000] {processor.py:183} INFO - Processing /opt/airflow/dags/main.py took 0.172 seconds
[2025-12-13T06:38:58.042+0000] {processor.py:161} INFO - Started process (PID=9284) to work on /opt/airflow/dags/main.py
[2025-12-13T06:38:58.043+0000] {processor.py:830} INFO - Processing file /opt/airflow/dags/main.py for tasks to queue
[2025-12-13T06:38:58.045+0000] {logging_mixin.py:188} INFO - [2025-12-13T06:38:58.045+0000] {dagbag.py:545} INFO - Filling up the DagBag from /opt/airflow/dags/main.py
[2025-12-13T06:38:58.070+0000] {processor.py:840} INFO - DAG(s) 'produce_json' retrieved from /opt/airflow/dags/main.py
[2025-12-13T06:38:58.176+0000] {logging_mixin.py:188} INFO - [2025-12-13T06:38:58.176+0000] {dag.py:3096} INFO - Sync 1 DAGs
[2025-12-13T06:38:58.187+0000] {logging_mixin.py:188} INFO - [2025-12-13T06:38:58.187+0000] {dag.py:3954} INFO - Setting next_dagrun for produce_json to 2025-12-13 01:45:00+00:00, run_after=2025-12-14 01:45:00+00:00
[2025-12-13T06:38:58.195+0000] {processor.py:183} INFO - Processing /opt/airflow/dags/main.py took 0.158 seconds
[2025-12-13T06:53:41.650+0000] {processor.py:161} INFO - Started process (PID=9291) to work on /opt/airflow/dags/main.py
[2025-12-13T06:53:41.651+0000] {processor.py:830} INFO - Processing file /opt/airflow/dags/main.py for tasks to queue
[2025-12-13T06:53:41.654+0000] {logging_mixin.py:188} INFO - [2025-12-13T06:53:41.653+0000] {dagbag.py:545} INFO - Filling up the DagBag from /opt/airflow/dags/main.py
[2025-12-13T06:53:41.679+0000] {processor.py:840} INFO - DAG(s) 'produce_json' retrieved from /opt/airflow/dags/main.py
[2025-12-13T06:53:41.776+0000] {logging_mixin.py:188} INFO - [2025-12-13T06:53:41.775+0000] {dag.py:3096} INFO - Sync 1 DAGs
[2025-12-13T06:53:41.786+0000] {logging_mixin.py:188} INFO - [2025-12-13T06:53:41.786+0000] {dag.py:3954} INFO - Setting next_dagrun for produce_json to 2025-12-13 01:45:00+00:00, run_after=2025-12-14 01:45:00+00:00
[2025-12-13T06:53:41.793+0000] {processor.py:183} INFO - Processing /opt/airflow/dags/main.py took 0.150 seconds
[2025-12-13T06:55:33.916+0000] {processor.py:161} INFO - Started process (PID=9298) to work on /opt/airflow/dags/main.py
[2025-12-13T06:55:33.918+0000] {processor.py:830} INFO - Processing file /opt/airflow/dags/main.py for tasks to queue
[2025-12-13T06:55:33.921+0000] {logging_mixin.py:188} INFO - [2025-12-13T06:55:33.920+0000] {dagbag.py:545} INFO - Filling up the DagBag from /opt/airflow/dags/main.py
[2025-12-13T06:55:34.037+0000] {processor.py:840} INFO - DAG(s) 'produce_json' retrieved from /opt/airflow/dags/main.py
[2025-12-13T06:55:34.053+0000] {logging_mixin.py:188} INFO - [2025-12-13T06:55:34.053+0000] {dag.py:3096} INFO - Sync 1 DAGs
[2025-12-13T06:55:34.063+0000] {logging_mixin.py:188} INFO - [2025-12-13T06:55:34.063+0000] {dag.py:3954} INFO - Setting next_dagrun for produce_json to 2025-12-13 01:45:00+00:00, run_after=2025-12-14 01:45:00+00:00
[2025-12-13T06:55:34.072+0000] {processor.py:183} INFO - Processing /opt/airflow/dags/main.py took 0.164 seconds
[2025-12-13T06:56:04.243+0000] {processor.py:161} INFO - Started process (PID=9305) to work on /opt/airflow/dags/main.py
[2025-12-13T06:56:04.245+0000] {processor.py:830} INFO - Processing file /opt/airflow/dags/main.py for tasks to queue
[2025-12-13T06:56:04.248+0000] {logging_mixin.py:188} INFO - [2025-12-13T06:56:04.248+0000] {dagbag.py:545} INFO - Filling up the DagBag from /opt/airflow/dags/main.py
[2025-12-13T06:56:04.278+0000] {processor.py:840} INFO - DAG(s) 'produce_json' retrieved from /opt/airflow/dags/main.py
[2025-12-13T06:56:04.298+0000] {logging_mixin.py:188} INFO - [2025-12-13T06:56:04.298+0000] {dag.py:3096} INFO - Sync 1 DAGs
[2025-12-13T06:56:04.311+0000] {logging_mixin.py:188} INFO - [2025-12-13T06:56:04.311+0000] {dag.py:3954} INFO - Setting next_dagrun for produce_json to 2025-12-13 01:45:00+00:00, run_after=2025-12-14 01:45:00+00:00
[2025-12-13T06:56:04.391+0000] {processor.py:183} INFO - Processing /opt/airflow/dags/main.py took 0.158 seconds
[2025-12-13T06:56:37.294+0000] {processor.py:161} INFO - Started process (PID=9312) to work on /opt/airflow/dags/main.py
[2025-12-13T06:56:37.297+0000] {processor.py:830} INFO - Processing file /opt/airflow/dags/main.py for tasks to queue
[2025-12-13T06:56:37.300+0000] {logging_mixin.py:188} INFO - [2025-12-13T06:56:37.299+0000] {dagbag.py:545} INFO - Filling up the DagBag from /opt/airflow/dags/main.py
[2025-12-13T06:56:37.327+0000] {processor.py:840} INFO - DAG(s) 'produce_json' retrieved from /opt/airflow/dags/main.py
[2025-12-13T06:56:37.348+0000] {logging_mixin.py:188} INFO - [2025-12-13T06:56:37.348+0000] {dag.py:3096} INFO - Sync 1 DAGs
[2025-12-13T06:56:37.432+0000] {logging_mixin.py:188} INFO - [2025-12-13T06:56:37.432+0000] {dag.py:3954} INFO - Setting next_dagrun for produce_json to 2025-12-13 01:45:00+00:00, run_after=2025-12-14 01:45:00+00:00
[2025-12-13T06:56:37.441+0000] {processor.py:183} INFO - Processing /opt/airflow/dags/main.py took 0.158 seconds
[2025-12-13T06:57:25.106+0000] {processor.py:161} INFO - Started process (PID=9319) to work on /opt/airflow/dags/main.py
[2025-12-13T06:57:25.108+0000] {processor.py:830} INFO - Processing file /opt/airflow/dags/main.py for tasks to queue
[2025-12-13T06:57:25.110+0000] {logging_mixin.py:188} INFO - [2025-12-13T06:57:25.110+0000] {dagbag.py:545} INFO - Filling up the DagBag from /opt/airflow/dags/main.py
[2025-12-13T06:57:25.129+0000] {processor.py:840} INFO - DAG(s) 'produce_json' retrieved from /opt/airflow/dags/main.py
[2025-12-13T06:57:25.149+0000] {logging_mixin.py:188} INFO - [2025-12-13T06:57:25.149+0000] {dag.py:3096} INFO - Sync 1 DAGs
[2025-12-13T06:57:25.233+0000] {logging_mixin.py:188} INFO - [2025-12-13T06:57:25.233+0000] {dag.py:3954} INFO - Setting next_dagrun for produce_json to 2025-12-13 01:45:00+00:00, run_after=2025-12-14 01:45:00+00:00
[2025-12-13T06:57:25.241+0000] {processor.py:183} INFO - Processing /opt/airflow/dags/main.py took 0.139 seconds
[2025-12-13T06:57:59.134+0000] {processor.py:161} INFO - Started process (PID=9326) to work on /opt/airflow/dags/main.py
[2025-12-13T06:57:59.136+0000] {processor.py:830} INFO - Processing file /opt/airflow/dags/main.py for tasks to queue
[2025-12-13T06:57:59.137+0000] {logging_mixin.py:188} INFO - [2025-12-13T06:57:59.137+0000] {dagbag.py:545} INFO - Filling up the DagBag from /opt/airflow/dags/main.py
[2025-12-13T06:57:59.159+0000] {processor.py:840} INFO - DAG(s) 'produce_json' retrieved from /opt/airflow/dags/main.py
[2025-12-13T06:57:59.250+0000] {logging_mixin.py:188} INFO - [2025-12-13T06:57:59.250+0000] {dag.py:3096} INFO - Sync 1 DAGs
[2025-12-13T06:57:59.260+0000] {logging_mixin.py:188} INFO - [2025-12-13T06:57:59.260+0000] {dag.py:3954} INFO - Setting next_dagrun for produce_json to 2025-12-13 01:45:00+00:00, run_after=2025-12-14 01:45:00+00:00
[2025-12-13T06:57:59.268+0000] {processor.py:183} INFO - Processing /opt/airflow/dags/main.py took 0.142 seconds
[2025-12-13T06:58:31.102+0000] {processor.py:161} INFO - Started process (PID=9333) to work on /opt/airflow/dags/main.py
[2025-12-13T06:58:31.103+0000] {processor.py:830} INFO - Processing file /opt/airflow/dags/main.py for tasks to queue
[2025-12-13T06:58:31.105+0000] {logging_mixin.py:188} INFO - [2025-12-13T06:58:31.105+0000] {dagbag.py:545} INFO - Filling up the DagBag from /opt/airflow/dags/main.py
[2025-12-13T06:58:31.129+0000] {processor.py:840} INFO - DAG(s) 'produce_json' retrieved from /opt/airflow/dags/main.py
[2025-12-13T06:58:31.226+0000] {logging_mixin.py:188} INFO - [2025-12-13T06:58:31.226+0000] {dag.py:3096} INFO - Sync 1 DAGs
[2025-12-13T06:58:31.236+0000] {logging_mixin.py:188} INFO - [2025-12-13T06:58:31.236+0000] {dag.py:3954} INFO - Setting next_dagrun for produce_json to 2025-12-13 01:45:00+00:00, run_after=2025-12-14 01:45:00+00:00
[2025-12-13T06:58:31.243+0000] {processor.py:183} INFO - Processing /opt/airflow/dags/main.py took 0.148 seconds
[2025-12-13T06:59:10.202+0000] {processor.py:161} INFO - Started process (PID=9340) to work on /opt/airflow/dags/main.py
[2025-12-13T06:59:10.204+0000] {processor.py:830} INFO - Processing file /opt/airflow/dags/main.py for tasks to queue
[2025-12-13T06:59:10.208+0000] {logging_mixin.py:188} INFO - [2025-12-13T06:59:10.208+0000] {dagbag.py:545} INFO - Filling up the DagBag from /opt/airflow/dags/main.py
[2025-12-13T06:59:10.323+0000] {processor.py:840} INFO - DAG(s) 'produce_json' retrieved from /opt/airflow/dags/main.py
[2025-12-13T06:59:10.338+0000] {logging_mixin.py:188} INFO - [2025-12-13T06:59:10.338+0000] {dag.py:3096} INFO - Sync 1 DAGs
[2025-12-13T06:59:10.348+0000] {logging_mixin.py:188} INFO - [2025-12-13T06:59:10.348+0000] {dag.py:3954} INFO - Setting next_dagrun for produce_json to 2025-12-13 01:45:00+00:00, run_after=2025-12-14 01:45:00+00:00
[2025-12-13T06:59:10.357+0000] {processor.py:183} INFO - Processing /opt/airflow/dags/main.py took 0.163 seconds
[2025-12-13T06:59:57.632+0000] {processor.py:161} INFO - Started process (PID=9348) to work on /opt/airflow/dags/main.py
[2025-12-13T06:59:57.667+0000] {processor.py:830} INFO - Processing file /opt/airflow/dags/main.py for tasks to queue
[2025-12-13T06:59:57.672+0000] {logging_mixin.py:188} INFO - [2025-12-13T06:59:57.671+0000] {dagbag.py:545} INFO - Filling up the DagBag from /opt/airflow/dags/main.py
[2025-12-13T06:59:57.703+0000] {processor.py:840} INFO - DAG(s) 'produce_json' retrieved from /opt/airflow/dags/main.py
[2025-12-13T06:59:57.729+0000] {logging_mixin.py:188} INFO - [2025-12-13T06:59:57.729+0000] {dag.py:3096} INFO - Sync 1 DAGs
[2025-12-13T06:59:57.745+0000] {logging_mixin.py:188} INFO - [2025-12-13T06:59:57.745+0000] {dag.py:3954} INFO - Setting next_dagrun for produce_json to 2025-12-13 01:45:00+00:00, run_after=2025-12-14 01:45:00+00:00
[2025-12-13T06:59:57.868+0000] {processor.py:183} INFO - Processing /opt/airflow/dags/main.py took 0.245 seconds
[2025-12-13T07:02:06.827+0000] {processor.py:161} INFO - Started process (PID=9355) to work on /opt/airflow/dags/main.py
[2025-12-13T07:02:06.828+0000] {processor.py:830} INFO - Processing file /opt/airflow/dags/main.py for tasks to queue
[2025-12-13T07:02:06.830+0000] {logging_mixin.py:188} INFO - [2025-12-13T07:02:06.830+0000] {dagbag.py:545} INFO - Filling up the DagBag from /opt/airflow/dags/main.py
[2025-12-13T07:02:06.852+0000] {processor.py:840} INFO - DAG(s) 'produce_json' retrieved from /opt/airflow/dags/main.py
[2025-12-13T07:02:06.873+0000] {logging_mixin.py:188} INFO - [2025-12-13T07:02:06.872+0000] {dag.py:3096} INFO - Sync 1 DAGs
[2025-12-13T07:02:06.970+0000] {logging_mixin.py:188} INFO - [2025-12-13T07:02:06.970+0000] {dag.py:3954} INFO - Setting next_dagrun for produce_json to 2025-12-13 01:45:00+00:00, run_after=2025-12-14 01:45:00+00:00
[2025-12-13T07:02:06.978+0000] {processor.py:183} INFO - Processing /opt/airflow/dags/main.py took 0.155 seconds
[2025-12-13T07:06:51.478+0000] {processor.py:161} INFO - Started process (PID=9362) to work on /opt/airflow/dags/main.py
[2025-12-13T07:06:51.481+0000] {processor.py:830} INFO - Processing file /opt/airflow/dags/main.py for tasks to queue
[2025-12-13T07:06:51.483+0000] {logging_mixin.py:188} INFO - [2025-12-13T07:06:51.482+0000] {dagbag.py:545} INFO - Filling up the DagBag from /opt/airflow/dags/main.py
[2025-12-13T07:06:51.504+0000] {processor.py:840} INFO - DAG(s) 'produce_json' retrieved from /opt/airflow/dags/main.py
[2025-12-13T07:06:51.597+0000] {logging_mixin.py:188} INFO - [2025-12-13T07:06:51.596+0000] {dag.py:3096} INFO - Sync 1 DAGs
[2025-12-13T07:06:51.607+0000] {logging_mixin.py:188} INFO - [2025-12-13T07:06:51.607+0000] {dag.py:3954} INFO - Setting next_dagrun for produce_json to 2025-12-13 01:45:00+00:00, run_after=2025-12-14 01:45:00+00:00
[2025-12-13T07:06:51.614+0000] {processor.py:183} INFO - Processing /opt/airflow/dags/main.py took 0.145 seconds
[2025-12-13T07:07:25.694+0000] {processor.py:161} INFO - Started process (PID=9369) to work on /opt/airflow/dags/main.py
[2025-12-13T07:07:25.695+0000] {processor.py:830} INFO - Processing file /opt/airflow/dags/main.py for tasks to queue
[2025-12-13T07:07:25.698+0000] {logging_mixin.py:188} INFO - [2025-12-13T07:07:25.698+0000] {dagbag.py:545} INFO - Filling up the DagBag from /opt/airflow/dags/main.py
[2025-12-13T07:07:25.734+0000] {processor.py:840} INFO - DAG(s) 'produce_json' retrieved from /opt/airflow/dags/main.py
[2025-12-13T07:07:25.844+0000] {logging_mixin.py:188} INFO - [2025-12-13T07:07:25.844+0000] {dag.py:3096} INFO - Sync 1 DAGs
[2025-12-13T07:07:25.854+0000] {logging_mixin.py:188} INFO - [2025-12-13T07:07:25.854+0000] {dag.py:3954} INFO - Setting next_dagrun for produce_json to 2025-12-13 01:45:00+00:00, run_after=2025-12-14 01:45:00+00:00
[2025-12-13T07:07:25.861+0000] {processor.py:183} INFO - Processing /opt/airflow/dags/main.py took 0.176 seconds
[2025-12-13T07:28:46.610+0000] {processor.py:161} INFO - Started process (PID=9376) to work on /opt/airflow/dags/main.py
[2025-12-13T07:28:46.612+0000] {processor.py:830} INFO - Processing file /opt/airflow/dags/main.py for tasks to queue
[2025-12-13T07:28:46.614+0000] {logging_mixin.py:188} INFO - [2025-12-13T07:28:46.614+0000] {dagbag.py:545} INFO - Filling up the DagBag from /opt/airflow/dags/main.py
[2025-12-13T07:28:46.749+0000] {processor.py:840} INFO - DAG(s) 'produce_json' retrieved from /opt/airflow/dags/main.py
[2025-12-13T07:28:46.766+0000] {logging_mixin.py:188} INFO - [2025-12-13T07:28:46.766+0000] {dag.py:3096} INFO - Sync 1 DAGs
[2025-12-13T07:28:46.776+0000] {logging_mixin.py:188} INFO - [2025-12-13T07:28:46.776+0000] {dag.py:3954} INFO - Setting next_dagrun for produce_json to 2025-12-13 01:45:00+00:00, run_after=2025-12-14 01:45:00+00:00
[2025-12-13T07:28:46.784+0000] {processor.py:183} INFO - Processing /opt/airflow/dags/main.py took 0.181 seconds
[2025-12-13T07:54:17.541+0000] {processor.py:161} INFO - Started process (PID=9383) to work on /opt/airflow/dags/main.py
[2025-12-13T07:54:17.543+0000] {processor.py:830} INFO - Processing file /opt/airflow/dags/main.py for tasks to queue
[2025-12-13T07:54:17.546+0000] {logging_mixin.py:188} INFO - [2025-12-13T07:54:17.546+0000] {dagbag.py:545} INFO - Filling up the DagBag from /opt/airflow/dags/main.py
[2025-12-13T07:54:17.565+0000] {processor.py:840} INFO - DAG(s) 'produce_json' retrieved from /opt/airflow/dags/main.py
[2025-12-13T07:54:17.585+0000] {logging_mixin.py:188} INFO - [2025-12-13T07:54:17.585+0000] {dag.py:3096} INFO - Sync 1 DAGs
[2025-12-13T07:54:17.597+0000] {logging_mixin.py:188} INFO - [2025-12-13T07:54:17.597+0000] {dag.py:3954} INFO - Setting next_dagrun for produce_json to 2025-12-13 01:45:00+00:00, run_after=2025-12-14 01:45:00+00:00
[2025-12-13T07:54:17.685+0000] {processor.py:183} INFO - Processing /opt/airflow/dags/main.py took 0.151 seconds
[2025-12-13T07:56:10.426+0000] {processor.py:161} INFO - Started process (PID=9390) to work on /opt/airflow/dags/main.py
[2025-12-13T07:56:10.429+0000] {processor.py:830} INFO - Processing file /opt/airflow/dags/main.py for tasks to queue
[2025-12-13T07:56:10.432+0000] {logging_mixin.py:188} INFO - [2025-12-13T07:56:10.431+0000] {dagbag.py:545} INFO - Filling up the DagBag from /opt/airflow/dags/main.py
[2025-12-13T07:56:10.462+0000] {processor.py:840} INFO - DAG(s) 'produce_json' retrieved from /opt/airflow/dags/main.py
[2025-12-13T07:56:10.481+0000] {logging_mixin.py:188} INFO - [2025-12-13T07:56:10.480+0000] {dag.py:3096} INFO - Sync 1 DAGs
[2025-12-13T07:56:10.568+0000] {logging_mixin.py:188} INFO - [2025-12-13T07:56:10.568+0000] {dag.py:3954} INFO - Setting next_dagrun for produce_json to 2025-12-13 01:45:00+00:00, run_after=2025-12-14 01:45:00+00:00
[2025-12-13T07:56:10.576+0000] {processor.py:183} INFO - Processing /opt/airflow/dags/main.py took 0.160 seconds
[2025-12-13T07:59:05.382+0000] {processor.py:161} INFO - Started process (PID=9397) to work on /opt/airflow/dags/main.py
[2025-12-13T07:59:05.402+0000] {processor.py:830} INFO - Processing file /opt/airflow/dags/main.py for tasks to queue
[2025-12-13T07:59:05.407+0000] {logging_mixin.py:188} INFO - [2025-12-13T07:59:05.406+0000] {dagbag.py:545} INFO - Filling up the DagBag from /opt/airflow/dags/main.py
[2025-12-13T07:59:05.446+0000] {processor.py:840} INFO - DAG(s) 'produce_json' retrieved from /opt/airflow/dags/main.py
[2025-12-13T07:59:05.479+0000] {logging_mixin.py:188} INFO - [2025-12-13T07:59:05.479+0000] {dag.py:3096} INFO - Sync 1 DAGs
[2025-12-13T07:59:05.612+0000] {logging_mixin.py:188} INFO - [2025-12-13T07:59:05.612+0000] {dag.py:3954} INFO - Setting next_dagrun for produce_json to 2025-12-13 01:45:00+00:00, run_after=2025-12-14 01:45:00+00:00
[2025-12-13T07:59:05.620+0000] {processor.py:183} INFO - Processing /opt/airflow/dags/main.py took 0.248 seconds
[2025-12-13T08:17:25.734+0000] {processor.py:161} INFO - Started process (PID=9404) to work on /opt/airflow/dags/main.py
[2025-12-13T08:17:25.736+0000] {processor.py:830} INFO - Processing file /opt/airflow/dags/main.py for tasks to queue
[2025-12-13T08:17:25.738+0000] {logging_mixin.py:188} INFO - [2025-12-13T08:17:25.738+0000] {dagbag.py:545} INFO - Filling up the DagBag from /opt/airflow/dags/main.py
[2025-12-13T08:17:25.764+0000] {processor.py:840} INFO - DAG(s) 'produce_json' retrieved from /opt/airflow/dags/main.py
[2025-12-13T08:17:25.863+0000] {logging_mixin.py:188} INFO - [2025-12-13T08:17:25.863+0000] {dag.py:3096} INFO - Sync 1 DAGs
[2025-12-13T08:17:25.873+0000] {logging_mixin.py:188} INFO - [2025-12-13T08:17:25.873+0000] {dag.py:3954} INFO - Setting next_dagrun for produce_json to 2025-12-13 01:45:00+00:00, run_after=2025-12-14 01:45:00+00:00
[2025-12-13T08:17:25.881+0000] {processor.py:183} INFO - Processing /opt/airflow/dags/main.py took 0.155 seconds
[2025-12-13T08:17:56.699+0000] {processor.py:161} INFO - Started process (PID=9411) to work on /opt/airflow/dags/main.py
[2025-12-13T08:17:56.700+0000] {processor.py:830} INFO - Processing file /opt/airflow/dags/main.py for tasks to queue
[2025-12-13T08:17:56.702+0000] {logging_mixin.py:188} INFO - [2025-12-13T08:17:56.702+0000] {dagbag.py:545} INFO - Filling up the DagBag from /opt/airflow/dags/main.py
[2025-12-13T08:17:56.723+0000] {processor.py:840} INFO - DAG(s) 'produce_json' retrieved from /opt/airflow/dags/main.py
[2025-12-13T08:17:56.820+0000] {logging_mixin.py:188} INFO - [2025-12-13T08:17:56.819+0000] {dag.py:3096} INFO - Sync 1 DAGs
[2025-12-13T08:17:56.830+0000] {logging_mixin.py:188} INFO - [2025-12-13T08:17:56.830+0000] {dag.py:3954} INFO - Setting next_dagrun for produce_json to 2025-12-13 01:45:00+00:00, run_after=2025-12-14 01:45:00+00:00
[2025-12-13T08:17:56.838+0000] {processor.py:183} INFO - Processing /opt/airflow/dags/main.py took 0.144 seconds
[2025-12-13T08:18:31.073+0000] {processor.py:161} INFO - Started process (PID=9418) to work on /opt/airflow/dags/main.py
[2025-12-13T08:18:31.076+0000] {processor.py:830} INFO - Processing file /opt/airflow/dags/main.py for tasks to queue
[2025-12-13T08:18:31.078+0000] {logging_mixin.py:188} INFO - [2025-12-13T08:18:31.078+0000] {dagbag.py:545} INFO - Filling up the DagBag from /opt/airflow/dags/main.py
[2025-12-13T08:18:31.183+0000] {processor.py:840} INFO - DAG(s) 'produce_json' retrieved from /opt/airflow/dags/main.py
[2025-12-13T08:18:31.199+0000] {logging_mixin.py:188} INFO - [2025-12-13T08:18:31.199+0000] {dag.py:3096} INFO - Sync 1 DAGs
[2025-12-13T08:18:31.209+0000] {logging_mixin.py:188} INFO - [2025-12-13T08:18:31.208+0000] {dag.py:3954} INFO - Setting next_dagrun for produce_json to 2025-12-13 01:45:00+00:00, run_after=2025-12-14 01:45:00+00:00
[2025-12-13T08:18:31.217+0000] {processor.py:183} INFO - Processing /opt/airflow/dags/main.py took 0.154 seconds
[2025-12-13T08:19:01.954+0000] {processor.py:161} INFO - Started process (PID=9425) to work on /opt/airflow/dags/main.py
[2025-12-13T08:19:01.957+0000] {processor.py:830} INFO - Processing file /opt/airflow/dags/main.py for tasks to queue
[2025-12-13T08:19:01.959+0000] {logging_mixin.py:188} INFO - [2025-12-13T08:19:01.959+0000] {dagbag.py:545} INFO - Filling up the DagBag from /opt/airflow/dags/main.py
[2025-12-13T08:19:02.061+0000] {processor.py:840} INFO - DAG(s) 'produce_json' retrieved from /opt/airflow/dags/main.py
[2025-12-13T08:19:02.077+0000] {logging_mixin.py:188} INFO - [2025-12-13T08:19:02.077+0000] {dag.py:3096} INFO - Sync 1 DAGs
[2025-12-13T08:19:02.087+0000] {logging_mixin.py:188} INFO - [2025-12-13T08:19:02.087+0000] {dag.py:3954} INFO - Setting next_dagrun for produce_json to 2025-12-13 01:45:00+00:00, run_after=2025-12-14 01:45:00+00:00
[2025-12-13T08:19:02.096+0000] {processor.py:183} INFO - Processing /opt/airflow/dags/main.py took 0.149 seconds
[2025-12-13T08:19:51.465+0000] {processor.py:161} INFO - Started process (PID=9431) to work on /opt/airflow/dags/main.py
[2025-12-13T08:19:51.498+0000] {processor.py:830} INFO - Processing file /opt/airflow/dags/main.py for tasks to queue
[2025-12-13T08:19:51.500+0000] {logging_mixin.py:188} INFO - [2025-12-13T08:19:51.500+0000] {dagbag.py:545} INFO - Filling up the DagBag from /opt/airflow/dags/main.py
[2025-12-13T08:19:51.531+0000] {processor.py:840} INFO - DAG(s) 'produce_json' retrieved from /opt/airflow/dags/main.py
[2025-12-13T08:19:51.560+0000] {logging_mixin.py:188} INFO - [2025-12-13T08:19:51.560+0000] {dag.py:3096} INFO - Sync 1 DAGs
[2025-12-13T08:19:51.578+0000] {logging_mixin.py:188} INFO - [2025-12-13T08:19:51.578+0000] {dag.py:3954} INFO - Setting next_dagrun for produce_json to 2025-12-13 01:45:00+00:00, run_after=2025-12-14 01:45:00+00:00
[2025-12-13T08:19:51.588+0000] {processor.py:183} INFO - Processing /opt/airflow/dags/main.py took 0.134 seconds
[2025-12-13T08:20:31.894+0000] {processor.py:161} INFO - Started process (PID=9438) to work on /opt/airflow/dags/main.py
[2025-12-13T08:20:31.896+0000] {processor.py:830} INFO - Processing file /opt/airflow/dags/main.py for tasks to queue
[2025-12-13T08:20:31.897+0000] {logging_mixin.py:188} INFO - [2025-12-13T08:20:31.897+0000] {dagbag.py:545} INFO - Filling up the DagBag from /opt/airflow/dags/main.py
[2025-12-13T08:20:31.919+0000] {processor.py:840} INFO - DAG(s) 'produce_json' retrieved from /opt/airflow/dags/main.py
[2025-12-13T08:20:31.941+0000] {logging_mixin.py:188} INFO - [2025-12-13T08:20:31.941+0000] {dag.py:3096} INFO - Sync 1 DAGs
[2025-12-13T08:20:31.954+0000] {logging_mixin.py:188} INFO - [2025-12-13T08:20:31.954+0000] {dag.py:3954} INFO - Setting next_dagrun for produce_json to 2025-12-13 01:45:00+00:00, run_after=2025-12-14 01:45:00+00:00
[2025-12-13T08:20:31.963+0000] {processor.py:183} INFO - Processing /opt/airflow/dags/main.py took 0.073 seconds
[2025-12-13T08:26:50.532+0000] {processor.py:161} INFO - Started process (PID=9445) to work on /opt/airflow/dags/main.py
[2025-12-13T08:26:50.534+0000] {processor.py:830} INFO - Processing file /opt/airflow/dags/main.py for tasks to queue
[2025-12-13T08:26:50.536+0000] {logging_mixin.py:188} INFO - [2025-12-13T08:26:50.536+0000] {dagbag.py:545} INFO - Filling up the DagBag from /opt/airflow/dags/main.py
[2025-12-13T08:26:50.557+0000] {processor.py:840} INFO - DAG(s) 'produce_json' retrieved from /opt/airflow/dags/main.py
[2025-12-13T08:26:50.576+0000] {logging_mixin.py:188} INFO - [2025-12-13T08:26:50.576+0000] {dag.py:3096} INFO - Sync 1 DAGs
[2025-12-13T08:26:50.587+0000] {logging_mixin.py:188} INFO - [2025-12-13T08:26:50.587+0000] {dag.py:3954} INFO - Setting next_dagrun for produce_json to 2025-12-13 01:45:00+00:00, run_after=2025-12-14 01:45:00+00:00
[2025-12-13T08:26:50.594+0000] {processor.py:183} INFO - Processing /opt/airflow/dags/main.py took 0.068 seconds
[2025-12-13T08:27:37.434+0000] {processor.py:161} INFO - Started process (PID=9452) to work on /opt/airflow/dags/main.py
[2025-12-13T08:27:37.435+0000] {processor.py:830} INFO - Processing file /opt/airflow/dags/main.py for tasks to queue
[2025-12-13T08:27:37.437+0000] {logging_mixin.py:188} INFO - [2025-12-13T08:27:37.437+0000] {dagbag.py:545} INFO - Filling up the DagBag from /opt/airflow/dags/main.py
[2025-12-13T08:27:37.468+0000] {processor.py:840} INFO - DAG(s) 'produce_json' retrieved from /opt/airflow/dags/main.py
[2025-12-13T08:27:37.491+0000] {logging_mixin.py:188} INFO - [2025-12-13T08:27:37.491+0000] {dag.py:3096} INFO - Sync 1 DAGs
[2025-12-13T08:27:37.503+0000] {logging_mixin.py:188} INFO - [2025-12-13T08:27:37.503+0000] {dag.py:3954} INFO - Setting next_dagrun for produce_json to 2025-12-13 01:45:00+00:00, run_after=2025-12-14 01:45:00+00:00
[2025-12-13T08:27:37.512+0000] {processor.py:183} INFO - Processing /opt/airflow/dags/main.py took 0.088 seconds
[2025-12-13T08:30:39.332+0000] {processor.py:161} INFO - Started process (PID=9459) to work on /opt/airflow/dags/main.py
[2025-12-13T08:30:39.334+0000] {processor.py:830} INFO - Processing file /opt/airflow/dags/main.py for tasks to queue
[2025-12-13T08:30:39.336+0000] {logging_mixin.py:188} INFO - [2025-12-13T08:30:39.336+0000] {dagbag.py:545} INFO - Filling up the DagBag from /opt/airflow/dags/main.py
[2025-12-13T08:30:39.360+0000] {processor.py:840} INFO - DAG(s) 'produce_json' retrieved from /opt/airflow/dags/main.py
[2025-12-13T08:30:39.381+0000] {logging_mixin.py:188} INFO - [2025-12-13T08:30:39.381+0000] {dag.py:3096} INFO - Sync 1 DAGs
[2025-12-13T08:30:39.392+0000] {logging_mixin.py:188} INFO - [2025-12-13T08:30:39.392+0000] {dag.py:3954} INFO - Setting next_dagrun for produce_json to 2025-12-13 01:45:00+00:00, run_after=2025-12-14 01:45:00+00:00
[2025-12-13T08:30:39.401+0000] {processor.py:183} INFO - Processing /opt/airflow/dags/main.py took 0.079 seconds
[2025-12-13T08:31:10.506+0000] {processor.py:161} INFO - Started process (PID=9466) to work on /opt/airflow/dags/main.py
[2025-12-13T08:31:10.508+0000] {processor.py:830} INFO - Processing file /opt/airflow/dags/main.py for tasks to queue
[2025-12-13T08:31:10.512+0000] {logging_mixin.py:188} INFO - [2025-12-13T08:31:10.511+0000] {dagbag.py:545} INFO - Filling up the DagBag from /opt/airflow/dags/main.py
[2025-12-13T08:31:10.543+0000] {processor.py:840} INFO - DAG(s) 'produce_json' retrieved from /opt/airflow/dags/main.py
[2025-12-13T08:31:10.576+0000] {logging_mixin.py:188} INFO - [2025-12-13T08:31:10.576+0000] {dag.py:3096} INFO - Sync 1 DAGs
[2025-12-13T08:31:10.589+0000] {logging_mixin.py:188} INFO - [2025-12-13T08:31:10.589+0000] {dag.py:3954} INFO - Setting next_dagrun for produce_json to 2025-12-13 01:45:00+00:00, run_after=2025-12-14 01:45:00+00:00
[2025-12-13T08:31:10.598+0000] {processor.py:183} INFO - Processing /opt/airflow/dags/main.py took 0.104 seconds
[2025-12-13T09:12:29.593+0000] {processor.py:161} INFO - Started process (PID=9473) to work on /opt/airflow/dags/main.py
[2025-12-13T09:12:29.595+0000] {processor.py:830} INFO - Processing file /opt/airflow/dags/main.py for tasks to queue
[2025-12-13T09:12:29.598+0000] {logging_mixin.py:188} INFO - [2025-12-13T09:12:29.597+0000] {dagbag.py:545} INFO - Filling up the DagBag from /opt/airflow/dags/main.py
[2025-12-13T09:12:29.627+0000] {processor.py:840} INFO - DAG(s) 'produce_json' retrieved from /opt/airflow/dags/main.py
[2025-12-13T09:12:29.650+0000] {logging_mixin.py:188} INFO - [2025-12-13T09:12:29.649+0000] {dag.py:3096} INFO - Sync 1 DAGs
[2025-12-13T09:12:29.663+0000] {logging_mixin.py:188} INFO - [2025-12-13T09:12:29.663+0000] {dag.py:3954} INFO - Setting next_dagrun for produce_json to 2025-12-13 01:45:00+00:00, run_after=2025-12-14 01:45:00+00:00
[2025-12-13T09:12:29.672+0000] {processor.py:183} INFO - Processing /opt/airflow/dags/main.py took 0.087 seconds
[2025-12-13T10:11:52.551+0000] {processor.py:161} INFO - Started process (PID=9480) to work on /opt/airflow/dags/main.py
[2025-12-13T10:11:52.552+0000] {processor.py:830} INFO - Processing file /opt/airflow/dags/main.py for tasks to queue
[2025-12-13T10:11:52.554+0000] {logging_mixin.py:188} INFO - [2025-12-13T10:11:52.553+0000] {dagbag.py:545} INFO - Filling up the DagBag from /opt/airflow/dags/main.py
[2025-12-13T10:11:52.576+0000] {processor.py:840} INFO - DAG(s) 'produce_json' retrieved from /opt/airflow/dags/main.py
[2025-12-13T10:11:52.597+0000] {logging_mixin.py:188} INFO - [2025-12-13T10:11:52.597+0000] {dag.py:3096} INFO - Sync 1 DAGs
[2025-12-13T10:11:52.610+0000] {logging_mixin.py:188} INFO - [2025-12-13T10:11:52.610+0000] {dag.py:3954} INFO - Setting next_dagrun for produce_json to 2025-12-13 01:45:00+00:00, run_after=2025-12-14 01:45:00+00:00
[2025-12-13T10:11:52.619+0000] {processor.py:183} INFO - Processing /opt/airflow/dags/main.py took 0.073 seconds
[2025-12-13T10:57:30.655+0000] {processor.py:161} INFO - Started process (PID=9487) to work on /opt/airflow/dags/main.py
[2025-12-13T10:57:30.658+0000] {processor.py:830} INFO - Processing file /opt/airflow/dags/main.py for tasks to queue
[2025-12-13T10:57:30.661+0000] {logging_mixin.py:188} INFO - [2025-12-13T10:57:30.660+0000] {dagbag.py:545} INFO - Filling up the DagBag from /opt/airflow/dags/main.py
[2025-12-13T10:57:30.698+0000] {processor.py:840} INFO - DAG(s) 'produce_json' retrieved from /opt/airflow/dags/main.py
[2025-12-13T10:57:30.727+0000] {logging_mixin.py:188} INFO - [2025-12-13T10:57:30.727+0000] {dag.py:3096} INFO - Sync 1 DAGs
[2025-12-13T10:57:30.743+0000] {logging_mixin.py:188} INFO - [2025-12-13T10:57:30.743+0000] {dag.py:3954} INFO - Setting next_dagrun for produce_json to 2025-12-13 01:45:00+00:00, run_after=2025-12-14 01:45:00+00:00
[2025-12-13T10:57:30.755+0000] {processor.py:183} INFO - Processing /opt/airflow/dags/main.py took 0.107 seconds
[2025-12-13T11:31:48.430+0000] {processor.py:161} INFO - Started process (PID=9494) to work on /opt/airflow/dags/main.py
[2025-12-13T11:31:48.431+0000] {processor.py:830} INFO - Processing file /opt/airflow/dags/main.py for tasks to queue
[2025-12-13T11:31:48.433+0000] {logging_mixin.py:188} INFO - [2025-12-13T11:31:48.433+0000] {dagbag.py:545} INFO - Filling up the DagBag from /opt/airflow/dags/main.py
[2025-12-13T11:31:48.457+0000] {processor.py:840} INFO - DAG(s) 'produce_json' retrieved from /opt/airflow/dags/main.py
[2025-12-13T11:31:48.476+0000] {logging_mixin.py:188} INFO - [2025-12-13T11:31:48.476+0000] {dag.py:3096} INFO - Sync 1 DAGs
[2025-12-13T11:31:48.488+0000] {logging_mixin.py:188} INFO - [2025-12-13T11:31:48.487+0000] {dag.py:3954} INFO - Setting next_dagrun for produce_json to 2025-12-13 01:45:00+00:00, run_after=2025-12-14 01:45:00+00:00
[2025-12-13T11:31:48.496+0000] {processor.py:183} INFO - Processing /opt/airflow/dags/main.py took 0.073 seconds
[2025-12-13T11:51:35.539+0000] {processor.py:161} INFO - Started process (PID=9501) to work on /opt/airflow/dags/main.py
[2025-12-13T11:51:35.541+0000] {processor.py:830} INFO - Processing file /opt/airflow/dags/main.py for tasks to queue
[2025-12-13T11:51:35.542+0000] {logging_mixin.py:188} INFO - [2025-12-13T11:51:35.542+0000] {dagbag.py:545} INFO - Filling up the DagBag from /opt/airflow/dags/main.py
[2025-12-13T11:51:35.561+0000] {processor.py:840} INFO - DAG(s) 'produce_json' retrieved from /opt/airflow/dags/main.py
[2025-12-13T11:51:35.582+0000] {logging_mixin.py:188} INFO - [2025-12-13T11:51:35.582+0000] {dag.py:3096} INFO - Sync 1 DAGs
[2025-12-13T11:51:35.594+0000] {logging_mixin.py:188} INFO - [2025-12-13T11:51:35.594+0000] {dag.py:3954} INFO - Setting next_dagrun for produce_json to 2025-12-13 01:45:00+00:00, run_after=2025-12-14 01:45:00+00:00
[2025-12-13T11:51:35.604+0000] {processor.py:183} INFO - Processing /opt/airflow/dags/main.py took 0.070 seconds
[2025-12-13T11:52:47.120+0000] {processor.py:161} INFO - Started process (PID=9508) to work on /opt/airflow/dags/main.py
[2025-12-13T11:52:47.122+0000] {processor.py:830} INFO - Processing file /opt/airflow/dags/main.py for tasks to queue
[2025-12-13T11:52:47.124+0000] {logging_mixin.py:188} INFO - [2025-12-13T11:52:47.123+0000] {dagbag.py:545} INFO - Filling up the DagBag from /opt/airflow/dags/main.py
[2025-12-13T11:52:47.429+0000] {processor.py:840} INFO - DAG(s) 'produce_json' retrieved from /opt/airflow/dags/main.py
[2025-12-13T11:52:47.464+0000] {logging_mixin.py:188} INFO - [2025-12-13T11:52:47.464+0000] {dag.py:3096} INFO - Sync 1 DAGs
[2025-12-13T11:52:47.483+0000] {logging_mixin.py:188} INFO - [2025-12-13T11:52:47.483+0000] {dag.py:3954} INFO - Setting next_dagrun for produce_json to 2025-12-13 01:45:00+00:00, run_after=2025-12-14 01:45:00+00:00
[2025-12-13T11:52:47.494+0000] {processor.py:183} INFO - Processing /opt/airflow/dags/main.py took 0.380 seconds
[2025-12-13T11:54:25.452+0000] {processor.py:161} INFO - Started process (PID=9515) to work on /opt/airflow/dags/main.py
[2025-12-13T11:54:25.454+0000] {processor.py:830} INFO - Processing file /opt/airflow/dags/main.py for tasks to queue
[2025-12-13T11:54:25.455+0000] {logging_mixin.py:188} INFO - [2025-12-13T11:54:25.455+0000] {dagbag.py:545} INFO - Filling up the DagBag from /opt/airflow/dags/main.py
[2025-12-13T11:54:25.480+0000] {processor.py:840} INFO - DAG(s) 'produce_json' retrieved from /opt/airflow/dags/main.py
[2025-12-13T11:54:25.503+0000] {logging_mixin.py:188} INFO - [2025-12-13T11:54:25.503+0000] {dag.py:3096} INFO - Sync 1 DAGs
[2025-12-13T11:54:25.515+0000] {logging_mixin.py:188} INFO - [2025-12-13T11:54:25.515+0000] {dag.py:3954} INFO - Setting next_dagrun for produce_json to 2025-12-13 01:45:00+00:00, run_after=2025-12-14 01:45:00+00:00
[2025-12-13T11:54:25.524+0000] {processor.py:183} INFO - Processing /opt/airflow/dags/main.py took 0.078 seconds
[2025-12-13T11:55:43.695+0000] {processor.py:161} INFO - Started process (PID=9522) to work on /opt/airflow/dags/main.py
[2025-12-13T11:55:43.697+0000] {processor.py:830} INFO - Processing file /opt/airflow/dags/main.py for tasks to queue
[2025-12-13T11:55:43.700+0000] {logging_mixin.py:188} INFO - [2025-12-13T11:55:43.699+0000] {dagbag.py:545} INFO - Filling up the DagBag from /opt/airflow/dags/main.py
[2025-12-13T11:55:43.733+0000] {processor.py:840} INFO - DAG(s) 'produce_json' retrieved from /opt/airflow/dags/main.py
[2025-12-13T11:55:43.759+0000] {logging_mixin.py:188} INFO - [2025-12-13T11:55:43.759+0000] {dag.py:3096} INFO - Sync 1 DAGs
[2025-12-13T11:55:43.773+0000] {logging_mixin.py:188} INFO - [2025-12-13T11:55:43.773+0000] {dag.py:3954} INFO - Setting next_dagrun for produce_json to 2025-12-13 01:45:00+00:00, run_after=2025-12-14 01:45:00+00:00
[2025-12-13T11:55:43.783+0000] {processor.py:183} INFO - Processing /opt/airflow/dags/main.py took 0.095 seconds
[2025-12-13T11:58:37.677+0000] {processor.py:161} INFO - Started process (PID=9528) to work on /opt/airflow/dags/main.py
[2025-12-13T11:58:37.678+0000] {processor.py:830} INFO - Processing file /opt/airflow/dags/main.py for tasks to queue
[2025-12-13T11:58:37.680+0000] {logging_mixin.py:188} INFO - [2025-12-13T11:58:37.680+0000] {dagbag.py:545} INFO - Filling up the DagBag from /opt/airflow/dags/main.py
[2025-12-13T11:58:37.705+0000] {processor.py:840} INFO - DAG(s) 'produce_json' retrieved from /opt/airflow/dags/main.py
[2025-12-13T11:58:37.726+0000] {logging_mixin.py:188} INFO - [2025-12-13T11:58:37.726+0000] {dag.py:3096} INFO - Sync 1 DAGs
[2025-12-13T11:58:37.738+0000] {logging_mixin.py:188} INFO - [2025-12-13T11:58:37.738+0000] {dag.py:3954} INFO - Setting next_dagrun for produce_json to 2025-12-13 01:45:00+00:00, run_after=2025-12-14 01:45:00+00:00
[2025-12-13T11:58:37.747+0000] {processor.py:183} INFO - Processing /opt/airflow/dags/main.py took 0.075 seconds
[2025-12-13T12:05:17.877+0000] {processor.py:161} INFO - Started process (PID=9535) to work on /opt/airflow/dags/main.py
[2025-12-13T12:05:17.879+0000] {processor.py:830} INFO - Processing file /opt/airflow/dags/main.py for tasks to queue
[2025-12-13T12:05:17.881+0000] {logging_mixin.py:188} INFO - [2025-12-13T12:05:17.881+0000] {dagbag.py:545} INFO - Filling up the DagBag from /opt/airflow/dags/main.py
[2025-12-13T12:05:17.906+0000] {processor.py:840} INFO - DAG(s) 'produce_json' retrieved from /opt/airflow/dags/main.py
[2025-12-13T12:05:17.926+0000] {logging_mixin.py:188} INFO - [2025-12-13T12:05:17.925+0000] {dag.py:3096} INFO - Sync 1 DAGs
[2025-12-13T12:05:17.937+0000] {logging_mixin.py:188} INFO - [2025-12-13T12:05:17.937+0000] {dag.py:3954} INFO - Setting next_dagrun for produce_json to 2025-12-13 01:45:00+00:00, run_after=2025-12-14 01:45:00+00:00
[2025-12-13T12:05:17.946+0000] {processor.py:183} INFO - Processing /opt/airflow/dags/main.py took 0.076 seconds
[2025-12-13T12:20:46.890+0000] {processor.py:161} INFO - Started process (PID=9542) to work on /opt/airflow/dags/main.py
[2025-12-13T12:20:46.891+0000] {processor.py:830} INFO - Processing file /opt/airflow/dags/main.py for tasks to queue
[2025-12-13T12:20:46.893+0000] {logging_mixin.py:188} INFO - [2025-12-13T12:20:46.893+0000] {dagbag.py:545} INFO - Filling up the DagBag from /opt/airflow/dags/main.py
[2025-12-13T12:20:46.913+0000] {processor.py:840} INFO - DAG(s) 'produce_json' retrieved from /opt/airflow/dags/main.py
[2025-12-13T12:20:46.932+0000] {logging_mixin.py:188} INFO - [2025-12-13T12:20:46.932+0000] {dag.py:3096} INFO - Sync 1 DAGs
[2025-12-13T12:20:46.944+0000] {logging_mixin.py:188} INFO - [2025-12-13T12:20:46.944+0000] {dag.py:3954} INFO - Setting next_dagrun for produce_json to 2025-12-13 01:45:00+00:00, run_after=2025-12-14 01:45:00+00:00
[2025-12-13T12:20:46.952+0000] {processor.py:183} INFO - Processing /opt/airflow/dags/main.py took 0.067 seconds
[2025-12-13T12:43:21.805+0000] {processor.py:161} INFO - Started process (PID=9549) to work on /opt/airflow/dags/main.py
[2025-12-13T12:43:21.806+0000] {processor.py:830} INFO - Processing file /opt/airflow/dags/main.py for tasks to queue
[2025-12-13T12:43:21.808+0000] {logging_mixin.py:188} INFO - [2025-12-13T12:43:21.808+0000] {dagbag.py:545} INFO - Filling up the DagBag from /opt/airflow/dags/main.py
[2025-12-13T12:43:21.828+0000] {processor.py:840} INFO - DAG(s) 'produce_json' retrieved from /opt/airflow/dags/main.py
[2025-12-13T12:43:21.847+0000] {logging_mixin.py:188} INFO - [2025-12-13T12:43:21.847+0000] {dag.py:3096} INFO - Sync 1 DAGs
[2025-12-13T12:43:21.859+0000] {logging_mixin.py:188} INFO - [2025-12-13T12:43:21.859+0000] {dag.py:3954} INFO - Setting next_dagrun for produce_json to 2025-12-13 01:45:00+00:00, run_after=2025-12-14 01:45:00+00:00
[2025-12-13T12:43:21.868+0000] {processor.py:183} INFO - Processing /opt/airflow/dags/main.py took 0.068 seconds
[2025-12-13T12:58:51.217+0000] {processor.py:161} INFO - Started process (PID=9556) to work on /opt/airflow/dags/main.py
[2025-12-13T12:58:51.218+0000] {processor.py:830} INFO - Processing file /opt/airflow/dags/main.py for tasks to queue
[2025-12-13T12:58:51.221+0000] {logging_mixin.py:188} INFO - [2025-12-13T12:58:51.220+0000] {dagbag.py:545} INFO - Filling up the DagBag from /opt/airflow/dags/main.py
[2025-12-13T12:58:51.241+0000] {processor.py:840} INFO - DAG(s) 'produce_json' retrieved from /opt/airflow/dags/main.py
[2025-12-13T12:58:51.262+0000] {logging_mixin.py:188} INFO - [2025-12-13T12:58:51.262+0000] {dag.py:3096} INFO - Sync 1 DAGs
[2025-12-13T12:58:51.273+0000] {logging_mixin.py:188} INFO - [2025-12-13T12:58:51.273+0000] {dag.py:3954} INFO - Setting next_dagrun for produce_json to 2025-12-13 01:45:00+00:00, run_after=2025-12-14 01:45:00+00:00
[2025-12-13T12:58:51.281+0000] {processor.py:183} INFO - Processing /opt/airflow/dags/main.py took 0.069 seconds
[2025-12-13T13:52:32.068+0000] {processor.py:161} INFO - Started process (PID=9563) to work on /opt/airflow/dags/main.py
[2025-12-13T13:52:32.070+0000] {processor.py:830} INFO - Processing file /opt/airflow/dags/main.py for tasks to queue
[2025-12-13T13:52:32.073+0000] {logging_mixin.py:188} INFO - [2025-12-13T13:52:32.073+0000] {dagbag.py:545} INFO - Filling up the DagBag from /opt/airflow/dags/main.py
[2025-12-13T13:52:32.097+0000] {processor.py:840} INFO - DAG(s) 'produce_json' retrieved from /opt/airflow/dags/main.py
[2025-12-13T13:52:32.118+0000] {logging_mixin.py:188} INFO - [2025-12-13T13:52:32.118+0000] {dag.py:3096} INFO - Sync 1 DAGs
[2025-12-13T13:52:32.129+0000] {logging_mixin.py:188} INFO - [2025-12-13T13:52:32.129+0000] {dag.py:3954} INFO - Setting next_dagrun for produce_json to 2025-12-13 01:45:00+00:00, run_after=2025-12-14 01:45:00+00:00
[2025-12-13T13:52:32.138+0000] {processor.py:183} INFO - Processing /opt/airflow/dags/main.py took 0.076 seconds
[2025-12-13T14:08:00.945+0000] {processor.py:161} INFO - Started process (PID=9570) to work on /opt/airflow/dags/main.py
[2025-12-13T14:08:00.946+0000] {processor.py:830} INFO - Processing file /opt/airflow/dags/main.py for tasks to queue
[2025-12-13T14:08:00.948+0000] {logging_mixin.py:188} INFO - [2025-12-13T14:08:00.948+0000] {dagbag.py:545} INFO - Filling up the DagBag from /opt/airflow/dags/main.py
[2025-12-13T14:08:00.971+0000] {processor.py:840} INFO - DAG(s) 'produce_json' retrieved from /opt/airflow/dags/main.py
[2025-12-13T14:08:00.991+0000] {logging_mixin.py:188} INFO - [2025-12-13T14:08:00.991+0000] {dag.py:3096} INFO - Sync 1 DAGs
[2025-12-13T14:08:01.003+0000] {logging_mixin.py:188} INFO - [2025-12-13T14:08:01.003+0000] {dag.py:3954} INFO - Setting next_dagrun for produce_json to 2025-12-13 01:45:00+00:00, run_after=2025-12-14 01:45:00+00:00
[2025-12-13T14:08:01.012+0000] {processor.py:183} INFO - Processing /opt/airflow/dags/main.py took 0.072 seconds
[2025-12-13T15:45:32.965+0000] {processor.py:161} INFO - Started process (PID=9577) to work on /opt/airflow/dags/main.py
[2025-12-13T15:45:32.966+0000] {processor.py:830} INFO - Processing file /opt/airflow/dags/main.py for tasks to queue
[2025-12-13T15:45:32.968+0000] {logging_mixin.py:188} INFO - [2025-12-13T15:45:32.967+0000] {dagbag.py:545} INFO - Filling up the DagBag from /opt/airflow/dags/main.py
[2025-12-13T15:45:32.985+0000] {processor.py:840} INFO - DAG(s) 'produce_json' retrieved from /opt/airflow/dags/main.py
[2025-12-13T15:45:33.005+0000] {logging_mixin.py:188} INFO - [2025-12-13T15:45:33.005+0000] {dag.py:3096} INFO - Sync 1 DAGs
[2025-12-13T15:45:33.018+0000] {logging_mixin.py:188} INFO - [2025-12-13T15:45:33.018+0000] {dag.py:3954} INFO - Setting next_dagrun for produce_json to 2025-12-13 01:45:00+00:00, run_after=2025-12-14 01:45:00+00:00
[2025-12-13T15:45:33.027+0000] {processor.py:183} INFO - Processing /opt/airflow/dags/main.py took 0.066 seconds
[2025-12-13T16:07:30.330+0000] {processor.py:161} INFO - Started process (PID=9584) to work on /opt/airflow/dags/main.py
[2025-12-13T16:07:30.331+0000] {processor.py:830} INFO - Processing file /opt/airflow/dags/main.py for tasks to queue
[2025-12-13T16:07:30.333+0000] {logging_mixin.py:188} INFO - [2025-12-13T16:07:30.333+0000] {dagbag.py:545} INFO - Filling up the DagBag from /opt/airflow/dags/main.py
[2025-12-13T16:07:30.359+0000] {processor.py:840} INFO - DAG(s) 'produce_json' retrieved from /opt/airflow/dags/main.py
[2025-12-13T16:07:30.378+0000] {logging_mixin.py:188} INFO - [2025-12-13T16:07:30.378+0000] {dag.py:3096} INFO - Sync 1 DAGs
[2025-12-13T16:07:30.390+0000] {logging_mixin.py:188} INFO - [2025-12-13T16:07:30.390+0000] {dag.py:3954} INFO - Setting next_dagrun for produce_json to 2025-12-13 01:45:00+00:00, run_after=2025-12-14 01:45:00+00:00
[2025-12-13T16:07:30.399+0000] {processor.py:183} INFO - Processing /opt/airflow/dags/main.py took 0.074 seconds
[2025-12-13T16:58:24.159+0000] {processor.py:161} INFO - Started process (PID=9591) to work on /opt/airflow/dags/main.py
[2025-12-13T16:58:24.160+0000] {processor.py:830} INFO - Processing file /opt/airflow/dags/main.py for tasks to queue
[2025-12-13T16:58:24.162+0000] {logging_mixin.py:188} INFO - [2025-12-13T16:58:24.162+0000] {dagbag.py:545} INFO - Filling up the DagBag from /opt/airflow/dags/main.py
[2025-12-13T16:58:24.181+0000] {processor.py:840} INFO - DAG(s) 'produce_json' retrieved from /opt/airflow/dags/main.py
[2025-12-13T16:58:24.201+0000] {logging_mixin.py:188} INFO - [2025-12-13T16:58:24.201+0000] {dag.py:3096} INFO - Sync 1 DAGs
[2025-12-13T16:58:24.213+0000] {logging_mixin.py:188} INFO - [2025-12-13T16:58:24.213+0000] {dag.py:3954} INFO - Setting next_dagrun for produce_json to 2025-12-13 01:45:00+00:00, run_after=2025-12-14 01:45:00+00:00
[2025-12-13T16:58:24.222+0000] {processor.py:183} INFO - Processing /opt/airflow/dags/main.py took 0.067 seconds
[2025-12-13T18:20:20.749+0000] {processor.py:161} INFO - Started process (PID=9598) to work on /opt/airflow/dags/main.py
[2025-12-13T18:20:20.750+0000] {processor.py:830} INFO - Processing file /opt/airflow/dags/main.py for tasks to queue
[2025-12-13T18:20:20.753+0000] {logging_mixin.py:188} INFO - [2025-12-13T18:20:20.752+0000] {dagbag.py:545} INFO - Filling up the DagBag from /opt/airflow/dags/main.py
[2025-12-13T18:20:20.775+0000] {processor.py:840} INFO - DAG(s) 'produce_json' retrieved from /opt/airflow/dags/main.py
[2025-12-13T18:20:20.797+0000] {logging_mixin.py:188} INFO - [2025-12-13T18:20:20.797+0000] {dag.py:3096} INFO - Sync 1 DAGs
[2025-12-13T18:20:20.809+0000] {logging_mixin.py:188} INFO - [2025-12-13T18:20:20.809+0000] {dag.py:3954} INFO - Setting next_dagrun for produce_json to 2025-12-13 01:45:00+00:00, run_after=2025-12-14 01:45:00+00:00
[2025-12-13T18:20:20.818+0000] {processor.py:183} INFO - Processing /opt/airflow/dags/main.py took 0.076 seconds
[2025-12-13T19:58:00.138+0000] {processor.py:161} INFO - Started process (PID=9605) to work on /opt/airflow/dags/main.py
[2025-12-13T19:58:00.139+0000] {processor.py:830} INFO - Processing file /opt/airflow/dags/main.py for tasks to queue
[2025-12-13T19:58:00.142+0000] {logging_mixin.py:188} INFO - [2025-12-13T19:58:00.141+0000] {dagbag.py:545} INFO - Filling up the DagBag from /opt/airflow/dags/main.py
[2025-12-13T19:58:00.170+0000] {processor.py:840} INFO - DAG(s) 'produce_json' retrieved from /opt/airflow/dags/main.py
[2025-12-13T19:58:00.193+0000] {logging_mixin.py:188} INFO - [2025-12-13T19:58:00.193+0000] {dag.py:3096} INFO - Sync 1 DAGs
[2025-12-13T19:58:00.206+0000] {logging_mixin.py:188} INFO - [2025-12-13T19:58:00.206+0000] {dag.py:3954} INFO - Setting next_dagrun for produce_json to 2025-12-13 01:45:00+00:00, run_after=2025-12-14 01:45:00+00:00
[2025-12-13T19:58:00.214+0000] {processor.py:183} INFO - Processing /opt/airflow/dags/main.py took 0.084 seconds
[2025-12-13T21:10:37.024+0000] {processor.py:161} INFO - Started process (PID=9612) to work on /opt/airflow/dags/main.py
[2025-12-13T21:10:37.026+0000] {processor.py:830} INFO - Processing file /opt/airflow/dags/main.py for tasks to queue
[2025-12-13T21:10:37.029+0000] {logging_mixin.py:188} INFO - [2025-12-13T21:10:37.028+0000] {dagbag.py:545} INFO - Filling up the DagBag from /opt/airflow/dags/main.py
[2025-12-13T21:10:37.050+0000] {processor.py:840} INFO - DAG(s) 'produce_json' retrieved from /opt/airflow/dags/main.py
[2025-12-13T21:10:37.069+0000] {logging_mixin.py:188} INFO - [2025-12-13T21:10:37.069+0000] {dag.py:3096} INFO - Sync 1 DAGs
[2025-12-13T21:10:37.081+0000] {logging_mixin.py:188} INFO - [2025-12-13T21:10:37.081+0000] {dag.py:3954} INFO - Setting next_dagrun for produce_json to 2025-12-13 01:45:00+00:00, run_after=2025-12-14 01:45:00+00:00
[2025-12-13T21:10:37.090+0000] {processor.py:183} INFO - Processing /opt/airflow/dags/main.py took 0.075 seconds
[2025-12-13T21:39:07.081+0000] {processor.py:161} INFO - Started process (PID=9619) to work on /opt/airflow/dags/main.py
[2025-12-13T21:39:07.083+0000] {processor.py:830} INFO - Processing file /opt/airflow/dags/main.py for tasks to queue
[2025-12-13T21:39:07.087+0000] {logging_mixin.py:188} INFO - [2025-12-13T21:39:07.086+0000] {dagbag.py:545} INFO - Filling up the DagBag from /opt/airflow/dags/main.py
[2025-12-13T21:39:07.124+0000] {processor.py:840} INFO - DAG(s) 'produce_json' retrieved from /opt/airflow/dags/main.py
[2025-12-13T21:39:07.154+0000] {logging_mixin.py:188} INFO - [2025-12-13T21:39:07.153+0000] {dag.py:3096} INFO - Sync 1 DAGs
[2025-12-13T21:39:07.171+0000] {logging_mixin.py:188} INFO - [2025-12-13T21:39:07.171+0000] {dag.py:3954} INFO - Setting next_dagrun for produce_json to 2025-12-13 01:45:00+00:00, run_after=2025-12-14 01:45:00+00:00
[2025-12-13T21:39:07.183+0000] {processor.py:183} INFO - Processing /opt/airflow/dags/main.py took 0.113 seconds
[2025-12-13T21:39:37.391+0000] {processor.py:161} INFO - Started process (PID=9626) to work on /opt/airflow/dags/main.py
[2025-12-13T21:39:37.393+0000] {processor.py:830} INFO - Processing file /opt/airflow/dags/main.py for tasks to queue
[2025-12-13T21:39:37.396+0000] {logging_mixin.py:188} INFO - [2025-12-13T21:39:37.396+0000] {dagbag.py:545} INFO - Filling up the DagBag from /opt/airflow/dags/main.py
[2025-12-13T21:39:37.423+0000] {processor.py:840} INFO - DAG(s) 'produce_json' retrieved from /opt/airflow/dags/main.py
[2025-12-13T21:39:37.444+0000] {logging_mixin.py:188} INFO - [2025-12-13T21:39:37.444+0000] {dag.py:3096} INFO - Sync 1 DAGs
[2025-12-13T21:39:37.455+0000] {logging_mixin.py:188} INFO - [2025-12-13T21:39:37.455+0000] {dag.py:3954} INFO - Setting next_dagrun for produce_json to 2025-12-13 01:45:00+00:00, run_after=2025-12-14 01:45:00+00:00
[2025-12-13T21:39:37.464+0000] {processor.py:183} INFO - Processing /opt/airflow/dags/main.py took 0.085 seconds
[2025-12-13T21:40:07.716+0000] {processor.py:161} INFO - Started process (PID=9633) to work on /opt/airflow/dags/main.py
[2025-12-13T21:40:07.719+0000] {processor.py:830} INFO - Processing file /opt/airflow/dags/main.py for tasks to queue
[2025-12-13T21:40:07.722+0000] {logging_mixin.py:188} INFO - [2025-12-13T21:40:07.721+0000] {dagbag.py:545} INFO - Filling up the DagBag from /opt/airflow/dags/main.py
[2025-12-13T21:40:07.748+0000] {processor.py:840} INFO - DAG(s) 'produce_json' retrieved from /opt/airflow/dags/main.py
[2025-12-13T21:40:07.768+0000] {logging_mixin.py:188} INFO - [2025-12-13T21:40:07.768+0000] {dag.py:3096} INFO - Sync 1 DAGs
[2025-12-13T21:40:07.780+0000] {logging_mixin.py:188} INFO - [2025-12-13T21:40:07.780+0000] {dag.py:3954} INFO - Setting next_dagrun for produce_json to 2025-12-13 01:45:00+00:00, run_after=2025-12-14 01:45:00+00:00
[2025-12-13T21:40:07.789+0000] {processor.py:183} INFO - Processing /opt/airflow/dags/main.py took 0.082 seconds
[2025-12-13T21:40:38.066+0000] {processor.py:161} INFO - Started process (PID=9640) to work on /opt/airflow/dags/main.py
[2025-12-13T21:40:38.069+0000] {processor.py:830} INFO - Processing file /opt/airflow/dags/main.py for tasks to queue
[2025-12-13T21:40:38.072+0000] {logging_mixin.py:188} INFO - [2025-12-13T21:40:38.071+0000] {dagbag.py:545} INFO - Filling up the DagBag from /opt/airflow/dags/main.py
[2025-12-13T21:40:38.104+0000] {processor.py:840} INFO - DAG(s) 'produce_json' retrieved from /opt/airflow/dags/main.py
[2025-12-13T21:40:38.124+0000] {logging_mixin.py:188} INFO - [2025-12-13T21:40:38.124+0000] {dag.py:3096} INFO - Sync 1 DAGs
[2025-12-13T21:40:38.137+0000] {logging_mixin.py:188} INFO - [2025-12-13T21:40:38.137+0000] {dag.py:3954} INFO - Setting next_dagrun for produce_json to 2025-12-13 01:45:00+00:00, run_after=2025-12-14 01:45:00+00:00
[2025-12-13T21:40:38.146+0000] {processor.py:183} INFO - Processing /opt/airflow/dags/main.py took 0.089 seconds
[2025-12-13T21:41:08.372+0000] {processor.py:161} INFO - Started process (PID=9647) to work on /opt/airflow/dags/main.py
[2025-12-13T21:41:08.374+0000] {processor.py:830} INFO - Processing file /opt/airflow/dags/main.py for tasks to queue
[2025-12-13T21:41:08.376+0000] {logging_mixin.py:188} INFO - [2025-12-13T21:41:08.375+0000] {dagbag.py:545} INFO - Filling up the DagBag from /opt/airflow/dags/main.py
[2025-12-13T21:41:08.405+0000] {processor.py:840} INFO - DAG(s) 'produce_json' retrieved from /opt/airflow/dags/main.py
[2025-12-13T21:41:08.429+0000] {logging_mixin.py:188} INFO - [2025-12-13T21:41:08.429+0000] {dag.py:3096} INFO - Sync 1 DAGs
[2025-12-13T21:41:08.442+0000] {logging_mixin.py:188} INFO - [2025-12-13T21:41:08.441+0000] {dag.py:3954} INFO - Setting next_dagrun for produce_json to 2025-12-13 01:45:00+00:00, run_after=2025-12-14 01:45:00+00:00
[2025-12-13T21:41:08.451+0000] {processor.py:183} INFO - Processing /opt/airflow/dags/main.py took 0.085 seconds
[2025-12-13T21:41:38.703+0000] {processor.py:161} INFO - Started process (PID=9654) to work on /opt/airflow/dags/main.py
[2025-12-13T21:41:38.706+0000] {processor.py:830} INFO - Processing file /opt/airflow/dags/main.py for tasks to queue
[2025-12-13T21:41:38.710+0000] {logging_mixin.py:188} INFO - [2025-12-13T21:41:38.709+0000] {dagbag.py:545} INFO - Filling up the DagBag from /opt/airflow/dags/main.py
[2025-12-13T21:41:38.746+0000] {processor.py:840} INFO - DAG(s) 'produce_json' retrieved from /opt/airflow/dags/main.py
[2025-12-13T21:41:38.772+0000] {logging_mixin.py:188} INFO - [2025-12-13T21:41:38.772+0000] {dag.py:3096} INFO - Sync 1 DAGs
[2025-12-13T21:41:38.788+0000] {logging_mixin.py:188} INFO - [2025-12-13T21:41:38.788+0000] {dag.py:3954} INFO - Setting next_dagrun for produce_json to 2025-12-13 01:45:00+00:00, run_after=2025-12-14 01:45:00+00:00
[2025-12-13T21:41:38.798+0000] {processor.py:183} INFO - Processing /opt/airflow/dags/main.py took 0.108 seconds
[2025-12-13T21:42:09.022+0000] {processor.py:161} INFO - Started process (PID=9661) to work on /opt/airflow/dags/main.py
[2025-12-13T21:42:09.024+0000] {processor.py:830} INFO - Processing file /opt/airflow/dags/main.py for tasks to queue
[2025-12-13T21:42:09.028+0000] {logging_mixin.py:188} INFO - [2025-12-13T21:42:09.028+0000] {dagbag.py:545} INFO - Filling up the DagBag from /opt/airflow/dags/main.py
[2025-12-13T21:42:09.054+0000] {processor.py:840} INFO - DAG(s) 'produce_json' retrieved from /opt/airflow/dags/main.py
[2025-12-13T21:42:09.073+0000] {logging_mixin.py:188} INFO - [2025-12-13T21:42:09.073+0000] {dag.py:3096} INFO - Sync 1 DAGs
[2025-12-13T21:42:09.085+0000] {logging_mixin.py:188} INFO - [2025-12-13T21:42:09.085+0000] {dag.py:3954} INFO - Setting next_dagrun for produce_json to 2025-12-13 01:45:00+00:00, run_after=2025-12-14 01:45:00+00:00
[2025-12-13T21:42:09.094+0000] {processor.py:183} INFO - Processing /opt/airflow/dags/main.py took 0.081 seconds
[2025-12-13T21:42:39.312+0000] {processor.py:161} INFO - Started process (PID=9668) to work on /opt/airflow/dags/main.py
[2025-12-13T21:42:39.315+0000] {processor.py:830} INFO - Processing file /opt/airflow/dags/main.py for tasks to queue
[2025-12-13T21:42:39.318+0000] {logging_mixin.py:188} INFO - [2025-12-13T21:42:39.318+0000] {dagbag.py:545} INFO - Filling up the DagBag from /opt/airflow/dags/main.py
[2025-12-13T21:42:39.345+0000] {processor.py:840} INFO - DAG(s) 'produce_json' retrieved from /opt/airflow/dags/main.py
[2025-12-13T21:42:39.366+0000] {logging_mixin.py:188} INFO - [2025-12-13T21:42:39.365+0000] {dag.py:3096} INFO - Sync 1 DAGs
[2025-12-13T21:42:39.377+0000] {logging_mixin.py:188} INFO - [2025-12-13T21:42:39.377+0000] {dag.py:3954} INFO - Setting next_dagrun for produce_json to 2025-12-13 01:45:00+00:00, run_after=2025-12-14 01:45:00+00:00
[2025-12-13T21:42:39.385+0000] {processor.py:183} INFO - Processing /opt/airflow/dags/main.py took 0.082 seconds
[2025-12-13T21:43:09.627+0000] {processor.py:161} INFO - Started process (PID=9675) to work on /opt/airflow/dags/main.py
[2025-12-13T21:43:09.630+0000] {processor.py:830} INFO - Processing file /opt/airflow/dags/main.py for tasks to queue
[2025-12-13T21:43:09.634+0000] {logging_mixin.py:188} INFO - [2025-12-13T21:43:09.633+0000] {dagbag.py:545} INFO - Filling up the DagBag from /opt/airflow/dags/main.py
[2025-12-13T21:43:09.661+0000] {processor.py:840} INFO - DAG(s) 'produce_json' retrieved from /opt/airflow/dags/main.py
[2025-12-13T21:43:09.681+0000] {logging_mixin.py:188} INFO - [2025-12-13T21:43:09.681+0000] {dag.py:3096} INFO - Sync 1 DAGs
[2025-12-13T21:43:09.693+0000] {logging_mixin.py:188} INFO - [2025-12-13T21:43:09.693+0000] {dag.py:3954} INFO - Setting next_dagrun for produce_json to 2025-12-13 01:45:00+00:00, run_after=2025-12-14 01:45:00+00:00
[2025-12-13T21:43:09.701+0000] {processor.py:183} INFO - Processing /opt/airflow/dags/main.py took 0.083 seconds
[2025-12-13T21:43:39.917+0000] {processor.py:161} INFO - Started process (PID=9682) to work on /opt/airflow/dags/main.py
[2025-12-13T21:43:39.921+0000] {processor.py:830} INFO - Processing file /opt/airflow/dags/main.py for tasks to queue
[2025-12-13T21:43:39.923+0000] {logging_mixin.py:188} INFO - [2025-12-13T21:43:39.923+0000] {dagbag.py:545} INFO - Filling up the DagBag from /opt/airflow/dags/main.py
[2025-12-13T21:43:39.949+0000] {processor.py:840} INFO - DAG(s) 'produce_json' retrieved from /opt/airflow/dags/main.py
[2025-12-13T21:43:39.970+0000] {logging_mixin.py:188} INFO - [2025-12-13T21:43:39.970+0000] {dag.py:3096} INFO - Sync 1 DAGs
[2025-12-13T21:43:39.981+0000] {logging_mixin.py:188} INFO - [2025-12-13T21:43:39.981+0000] {dag.py:3954} INFO - Setting next_dagrun for produce_json to 2025-12-13 01:45:00+00:00, run_after=2025-12-14 01:45:00+00:00
[2025-12-13T21:43:39.990+0000] {processor.py:183} INFO - Processing /opt/airflow/dags/main.py took 0.082 seconds
[2025-12-13T21:44:10.291+0000] {processor.py:161} INFO - Started process (PID=9689) to work on /opt/airflow/dags/main.py
[2025-12-13T21:44:10.293+0000] {processor.py:830} INFO - Processing file /opt/airflow/dags/main.py for tasks to queue
[2025-12-13T21:44:10.296+0000] {logging_mixin.py:188} INFO - [2025-12-13T21:44:10.296+0000] {dagbag.py:545} INFO - Filling up the DagBag from /opt/airflow/dags/main.py
[2025-12-13T21:44:10.324+0000] {processor.py:840} INFO - DAG(s) 'produce_json' retrieved from /opt/airflow/dags/main.py
[2025-12-13T21:44:10.344+0000] {logging_mixin.py:188} INFO - [2025-12-13T21:44:10.344+0000] {dag.py:3096} INFO - Sync 1 DAGs
[2025-12-13T21:44:10.356+0000] {logging_mixin.py:188} INFO - [2025-12-13T21:44:10.356+0000] {dag.py:3954} INFO - Setting next_dagrun for produce_json to 2025-12-13 01:45:00+00:00, run_after=2025-12-14 01:45:00+00:00
[2025-12-13T21:44:10.365+0000] {processor.py:183} INFO - Processing /opt/airflow/dags/main.py took 0.085 seconds
[2025-12-13T21:44:40.641+0000] {processor.py:161} INFO - Started process (PID=9696) to work on /opt/airflow/dags/main.py
[2025-12-13T21:44:40.643+0000] {processor.py:830} INFO - Processing file /opt/airflow/dags/main.py for tasks to queue
[2025-12-13T21:44:40.646+0000] {logging_mixin.py:188} INFO - [2025-12-13T21:44:40.646+0000] {dagbag.py:545} INFO - Filling up the DagBag from /opt/airflow/dags/main.py
[2025-12-13T21:44:40.674+0000] {processor.py:840} INFO - DAG(s) 'produce_json' retrieved from /opt/airflow/dags/main.py
[2025-12-13T21:44:40.699+0000] {logging_mixin.py:188} INFO - [2025-12-13T21:44:40.698+0000] {dag.py:3096} INFO - Sync 1 DAGs
[2025-12-13T21:44:40.714+0000] {logging_mixin.py:188} INFO - [2025-12-13T21:44:40.714+0000] {dag.py:3954} INFO - Setting next_dagrun for produce_json to 2025-12-13 01:45:00+00:00, run_after=2025-12-14 01:45:00+00:00
[2025-12-13T21:44:40.725+0000] {processor.py:183} INFO - Processing /opt/airflow/dags/main.py took 0.097 seconds
[2025-12-13T21:45:10.910+0000] {processor.py:161} INFO - Started process (PID=9703) to work on /opt/airflow/dags/main.py
[2025-12-13T21:45:10.912+0000] {processor.py:830} INFO - Processing file /opt/airflow/dags/main.py for tasks to queue
[2025-12-13T21:45:10.914+0000] {logging_mixin.py:188} INFO - [2025-12-13T21:45:10.914+0000] {dagbag.py:545} INFO - Filling up the DagBag from /opt/airflow/dags/main.py
[2025-12-13T21:45:10.941+0000] {processor.py:840} INFO - DAG(s) 'produce_json' retrieved from /opt/airflow/dags/main.py
[2025-12-13T21:45:10.965+0000] {logging_mixin.py:188} INFO - [2025-12-13T21:45:10.965+0000] {dag.py:3096} INFO - Sync 1 DAGs
[2025-12-13T21:45:10.978+0000] {logging_mixin.py:188} INFO - [2025-12-13T21:45:10.978+0000] {dag.py:3954} INFO - Setting next_dagrun for produce_json to 2025-12-13 01:45:00+00:00, run_after=2025-12-14 01:45:00+00:00
[2025-12-13T21:45:10.988+0000] {processor.py:183} INFO - Processing /opt/airflow/dags/main.py took 0.084 seconds
[2025-12-13T21:45:41.224+0000] {processor.py:161} INFO - Started process (PID=9710) to work on /opt/airflow/dags/main.py
[2025-12-13T21:45:41.226+0000] {processor.py:830} INFO - Processing file /opt/airflow/dags/main.py for tasks to queue
[2025-12-13T21:45:41.228+0000] {logging_mixin.py:188} INFO - [2025-12-13T21:45:41.227+0000] {dagbag.py:545} INFO - Filling up the DagBag from /opt/airflow/dags/main.py
[2025-12-13T21:45:41.249+0000] {processor.py:840} INFO - DAG(s) 'produce_json' retrieved from /opt/airflow/dags/main.py
[2025-12-13T21:45:41.268+0000] {logging_mixin.py:188} INFO - [2025-12-13T21:45:41.268+0000] {dag.py:3096} INFO - Sync 1 DAGs
[2025-12-13T21:45:41.280+0000] {logging_mixin.py:188} INFO - [2025-12-13T21:45:41.280+0000] {dag.py:3954} INFO - Setting next_dagrun for produce_json to 2025-12-13 01:45:00+00:00, run_after=2025-12-14 01:45:00+00:00
[2025-12-13T21:45:41.288+0000] {processor.py:183} INFO - Processing /opt/airflow/dags/main.py took 0.068 seconds
[2025-12-13T22:01:05.015+0000] {processor.py:161} INFO - Started process (PID=9717) to work on /opt/airflow/dags/main.py
[2025-12-13T22:01:05.017+0000] {processor.py:830} INFO - Processing file /opt/airflow/dags/main.py for tasks to queue
[2025-12-13T22:01:05.019+0000] {logging_mixin.py:188} INFO - [2025-12-13T22:01:05.019+0000] {dagbag.py:545} INFO - Filling up the DagBag from /opt/airflow/dags/main.py
[2025-12-13T22:01:05.046+0000] {processor.py:840} INFO - DAG(s) 'produce_json' retrieved from /opt/airflow/dags/main.py
[2025-12-13T22:01:05.069+0000] {logging_mixin.py:188} INFO - [2025-12-13T22:01:05.069+0000] {dag.py:3096} INFO - Sync 1 DAGs
[2025-12-13T22:01:05.082+0000] {logging_mixin.py:188} INFO - [2025-12-13T22:01:05.082+0000] {dag.py:3954} INFO - Setting next_dagrun for produce_json to 2025-12-13 01:45:00+00:00, run_after=2025-12-14 01:45:00+00:00
[2025-12-13T22:01:05.091+0000] {processor.py:183} INFO - Processing /opt/airflow/dags/main.py took 0.083 seconds
[2025-12-13T22:16:34.103+0000] {processor.py:161} INFO - Started process (PID=9724) to work on /opt/airflow/dags/main.py
[2025-12-13T22:16:34.105+0000] {processor.py:830} INFO - Processing file /opt/airflow/dags/main.py for tasks to queue
[2025-12-13T22:16:34.106+0000] {logging_mixin.py:188} INFO - [2025-12-13T22:16:34.106+0000] {dagbag.py:545} INFO - Filling up the DagBag from /opt/airflow/dags/main.py
[2025-12-13T22:16:34.130+0000] {processor.py:840} INFO - DAG(s) 'produce_json' retrieved from /opt/airflow/dags/main.py
[2025-12-13T22:16:34.152+0000] {logging_mixin.py:188} INFO - [2025-12-13T22:16:34.152+0000] {dag.py:3096} INFO - Sync 1 DAGs
[2025-12-13T22:16:34.166+0000] {logging_mixin.py:188} INFO - [2025-12-13T22:16:34.166+0000] {dag.py:3954} INFO - Setting next_dagrun for produce_json to 2025-12-13 01:45:00+00:00, run_after=2025-12-14 01:45:00+00:00
[2025-12-13T22:16:34.175+0000] {processor.py:183} INFO - Processing /opt/airflow/dags/main.py took 0.077 seconds
[2025-12-13T23:04:37.340+0000] {processor.py:161} INFO - Started process (PID=9731) to work on /opt/airflow/dags/main.py
[2025-12-13T23:04:37.341+0000] {processor.py:830} INFO - Processing file /opt/airflow/dags/main.py for tasks to queue
[2025-12-13T23:04:37.342+0000] {logging_mixin.py:188} INFO - [2025-12-13T23:04:37.342+0000] {dagbag.py:545} INFO - Filling up the DagBag from /opt/airflow/dags/main.py
[2025-12-13T23:04:37.360+0000] {processor.py:840} INFO - DAG(s) 'produce_json' retrieved from /opt/airflow/dags/main.py
[2025-12-13T23:04:37.379+0000] {logging_mixin.py:188} INFO - [2025-12-13T23:04:37.379+0000] {dag.py:3096} INFO - Sync 1 DAGs
[2025-12-13T23:04:37.391+0000] {logging_mixin.py:188} INFO - [2025-12-13T23:04:37.390+0000] {dag.py:3954} INFO - Setting next_dagrun for produce_json to 2025-12-13 01:45:00+00:00, run_after=2025-12-14 01:45:00+00:00
[2025-12-13T23:04:37.399+0000] {processor.py:183} INFO - Processing /opt/airflow/dags/main.py took 0.064 seconds
[2025-12-13T23:23:45.779+0000] {processor.py:161} INFO - Started process (PID=9738) to work on /opt/airflow/dags/main.py
[2025-12-13T23:23:45.781+0000] {processor.py:830} INFO - Processing file /opt/airflow/dags/main.py for tasks to queue
[2025-12-13T23:23:45.783+0000] {logging_mixin.py:188} INFO - [2025-12-13T23:23:45.782+0000] {dagbag.py:545} INFO - Filling up the DagBag from /opt/airflow/dags/main.py
[2025-12-13T23:23:45.806+0000] {processor.py:840} INFO - DAG(s) 'produce_json' retrieved from /opt/airflow/dags/main.py
[2025-12-13T23:23:45.826+0000] {logging_mixin.py:188} INFO - [2025-12-13T23:23:45.826+0000] {dag.py:3096} INFO - Sync 1 DAGs
[2025-12-13T23:23:45.838+0000] {logging_mixin.py:188} INFO - [2025-12-13T23:23:45.838+0000] {dag.py:3954} INFO - Setting next_dagrun for produce_json to 2025-12-13 01:45:00+00:00, run_after=2025-12-14 01:45:00+00:00
[2025-12-13T23:23:45.846+0000] {processor.py:183} INFO - Processing /opt/airflow/dags/main.py took 0.074 seconds
[2025-12-13T23:25:53.005+0000] {processor.py:161} INFO - Started process (PID=9745) to work on /opt/airflow/dags/main.py
[2025-12-13T23:25:53.008+0000] {processor.py:830} INFO - Processing file /opt/airflow/dags/main.py for tasks to queue
[2025-12-13T23:25:53.011+0000] {logging_mixin.py:188} INFO - [2025-12-13T23:25:53.011+0000] {dagbag.py:545} INFO - Filling up the DagBag from /opt/airflow/dags/main.py
[2025-12-13T23:25:53.055+0000] {processor.py:840} INFO - DAG(s) 'produce_json' retrieved from /opt/airflow/dags/main.py
[2025-12-13T23:25:53.078+0000] {logging_mixin.py:188} INFO - [2025-12-13T23:25:53.078+0000] {dag.py:3096} INFO - Sync 1 DAGs
[2025-12-13T23:25:53.091+0000] {logging_mixin.py:188} INFO - [2025-12-13T23:25:53.091+0000] {dag.py:3954} INFO - Setting next_dagrun for produce_json to 2025-12-13 01:45:00+00:00, run_after=2025-12-14 01:45:00+00:00
[2025-12-13T23:25:53.099+0000] {processor.py:183} INFO - Processing /opt/airflow/dags/main.py took 0.105 seconds
[2025-12-13T23:27:30.723+0000] {processor.py:161} INFO - Started process (PID=9752) to work on /opt/airflow/dags/main.py
[2025-12-13T23:27:30.725+0000] {processor.py:830} INFO - Processing file /opt/airflow/dags/main.py for tasks to queue
[2025-12-13T23:27:30.727+0000] {logging_mixin.py:188} INFO - [2025-12-13T23:27:30.727+0000] {dagbag.py:545} INFO - Filling up the DagBag from /opt/airflow/dags/main.py
[2025-12-13T23:27:30.754+0000] {processor.py:840} INFO - DAG(s) 'produce_json' retrieved from /opt/airflow/dags/main.py
[2025-12-13T23:27:30.775+0000] {logging_mixin.py:188} INFO - [2025-12-13T23:27:30.775+0000] {dag.py:3096} INFO - Sync 1 DAGs
[2025-12-13T23:27:30.788+0000] {logging_mixin.py:188} INFO - [2025-12-13T23:27:30.788+0000] {dag.py:3954} INFO - Setting next_dagrun for produce_json to 2025-12-13 01:45:00+00:00, run_after=2025-12-14 01:45:00+00:00
[2025-12-13T23:27:30.796+0000] {processor.py:183} INFO - Processing /opt/airflow/dags/main.py took 0.081 seconds
[2025-12-13T23:40:28.477+0000] {processor.py:161} INFO - Started process (PID=9759) to work on /opt/airflow/dags/main.py
[2025-12-13T23:40:28.479+0000] {processor.py:830} INFO - Processing file /opt/airflow/dags/main.py for tasks to queue
[2025-12-13T23:40:28.480+0000] {logging_mixin.py:188} INFO - [2025-12-13T23:40:28.480+0000] {dagbag.py:545} INFO - Filling up the DagBag from /opt/airflow/dags/main.py
[2025-12-13T23:40:28.499+0000] {processor.py:840} INFO - DAG(s) 'produce_json' retrieved from /opt/airflow/dags/main.py
[2025-12-13T23:40:28.518+0000] {logging_mixin.py:188} INFO - [2025-12-13T23:40:28.518+0000] {dag.py:3096} INFO - Sync 1 DAGs
[2025-12-13T23:40:28.530+0000] {logging_mixin.py:188} INFO - [2025-12-13T23:40:28.530+0000] {dag.py:3954} INFO - Setting next_dagrun for produce_json to 2025-12-13 01:45:00+00:00, run_after=2025-12-14 01:45:00+00:00
[2025-12-13T23:40:28.541+0000] {processor.py:183} INFO - Processing /opt/airflow/dags/main.py took 0.069 seconds
