[2025-12-18T01:03:55.816+0000] {local_task_job_runner.py:120} INFO - ::group::Pre task execution logs
[2025-12-18T01:03:55.831+0000] {taskinstance.py:2076} INFO - Dependencies all met for dep_context=non-requeueable deps ti=<TaskInstance: update_db.core_table manual__2025-12-18T01:03:54.279742+00:00 [queued]>
[2025-12-18T01:03:55.835+0000] {taskinstance.py:2076} INFO - Dependencies all met for dep_context=requeueable deps ti=<TaskInstance: update_db.core_table manual__2025-12-18T01:03:54.279742+00:00 [queued]>
[2025-12-18T01:03:55.836+0000] {taskinstance.py:2306} INFO - Starting attempt 1 of 1
[2025-12-18T01:03:55.841+0000] {taskinstance.py:2330} INFO - Executing <Task(_PythonDecoratedOperator): core_table> on 2025-12-18 01:03:54.279742+00:00
[2025-12-18T01:03:55.845+0000] {standard_task_runner.py:63} INFO - Started process 276 to run task
[2025-12-18T01:03:55.848+0000] {standard_task_runner.py:90} INFO - Running: ['airflow', 'tasks', 'run', 'update_db', 'core_table', 'manual__2025-12-18T01:03:54.279742+00:00', '--job-id', '52', '--raw', '--subdir', 'DAGS_FOLDER/main.py', '--cfg-path', '/tmp/tmpl4hsr8e2']
[2025-12-18T01:03:55.849+0000] {standard_task_runner.py:91} INFO - Job 52: Subtask core_table
[2025-12-18T01:03:55.886+0000] {task_command.py:426} INFO - Running <TaskInstance: update_db.core_table manual__2025-12-18T01:03:54.279742+00:00 [running]> on host 4c149cf835c8
[2025-12-18T01:03:55.934+0000] {taskinstance.py:2648} INFO - Exporting env vars: AIRFLOW_CTX_DAG_EMAIL='data@engineers.com' AIRFLOW_CTX_DAG_OWNER='airflow' AIRFLOW_CTX_DAG_ID='update_db' AIRFLOW_CTX_TASK_ID='core_table' AIRFLOW_CTX_EXECUTION_DATE='2025-12-18T01:03:54.279742+00:00' AIRFLOW_CTX_TRY_NUMBER='1' AIRFLOW_CTX_DAG_RUN_ID='manual__2025-12-18T01:03:54.279742+00:00'
[2025-12-18T01:03:55.935+0000] {taskinstance.py:430} INFO - ::endgroup::
[2025-12-18T01:03:55.941+0000] {base.py:84} INFO - Using connection ID 'postgres_db_yt_elt' for task execution.
[2025-12-18T01:03:55.946+0000] {base.py:84} INFO - Using connection ID 'postgres_db_yt_elt' for task execution.
[2025-12-18T01:03:55.951+0000] {base.py:84} INFO - Using connection ID 'postgres_db_yt_elt' for task execution.
[2025-12-18T01:03:55.962+0000] {data_modification.py:40} ERROR - Error inserting row with Video_ID: 8bMh8azh3CY
[2025-12-18T01:03:55.962+0000] {dwh.py:112} ERROR - An error occurred during the update of core table: column "Video_Type" of relation "yt_api" does not exist
LINE 2: ...eo_ID", "Video_Title", "Upload_Date", "Duration", "Video_Typ...
                                                             ^

[2025-12-18T01:03:55.963+0000] {taskinstance.py:441} INFO - ::group::Post task execution logs
[2025-12-18T01:03:55.963+0000] {taskinstance.py:2905} ERROR - Task failed with exception
Traceback (most recent call last):
  File "/home/airflow/.local/lib/python3.10/site-packages/airflow/models/taskinstance.py", line 465, in _execute_task
    result = _execute_callable(context=context, **execute_callable_kwargs)
  File "/home/airflow/.local/lib/python3.10/site-packages/airflow/models/taskinstance.py", line 432, in _execute_callable
    return execute_callable(context=context, **execute_callable_kwargs)
  File "/home/airflow/.local/lib/python3.10/site-packages/airflow/models/baseoperator.py", line 401, in wrapper
    return func(self, *args, **kwargs)
  File "/home/airflow/.local/lib/python3.10/site-packages/airflow/decorators/base.py", line 265, in execute
    return_value = super().execute(context)
  File "/home/airflow/.local/lib/python3.10/site-packages/airflow/models/baseoperator.py", line 401, in wrapper
    return func(self, *args, **kwargs)
  File "/home/airflow/.local/lib/python3.10/site-packages/airflow/operators/python.py", line 235, in execute
    return_value = self.execute_callable()
  File "/home/airflow/.local/lib/python3.10/site-packages/airflow/operators/python.py", line 252, in execute_callable
    return self.python_callable(*self.op_args, **self.op_kwargs)
  File "/opt/airflow/dags/datawarehouse/dwh.py", line 113, in core_table
    raise e
  File "/opt/airflow/dags/datawarehouse/dwh.py", line 92, in core_table
    insert_rows(cur, conn, schema, transformed_row)
  File "/opt/airflow/dags/datawarehouse/data_modification.py", line 41, in insert_rows
    raise e
  File "/opt/airflow/dags/datawarehouse/data_modification.py", line 27, in insert_rows
    cur.execute(
  File "/home/airflow/.local/lib/python3.10/site-packages/psycopg2/extras.py", line 236, in execute
    return super().execute(query, vars)
psycopg2.errors.UndefinedColumn: column "Video_Type" of relation "yt_api" does not exist
LINE 2: ...eo_ID", "Video_Title", "Upload_Date", "Duration", "Video_Typ...
                                                             ^

[2025-12-18T01:03:55.973+0000] {taskinstance.py:1206} INFO - Marking task as FAILED. dag_id=update_db, task_id=core_table, run_id=manual__2025-12-18T01:03:54.279742+00:00, execution_date=20251218T010354, start_date=20251218T010355, end_date=20251218T010355
[2025-12-18T01:03:55.979+0000] {standard_task_runner.py:110} ERROR - Failed to execute job 52 for task core_table (column "Video_Type" of relation "yt_api" does not exist
LINE 2: ...eo_ID", "Video_Title", "Upload_Date", "Duration", "Video_Typ...
                                                             ^
; 276)
[2025-12-18T01:03:56.020+0000] {local_task_job_runner.py:240} INFO - Task exited with return code 1
[2025-12-18T01:03:56.035+0000] {taskinstance.py:3503} INFO - 0 downstream tasks scheduled from follow-on schedule check
[2025-12-18T01:03:56.036+0000] {local_task_job_runner.py:222} INFO - ::endgroup::
