[2025-12-18T00:56:43.203+0000] {local_task_job_runner.py:120} INFO - ::group::Pre task execution logs
[2025-12-18T00:56:43.218+0000] {taskinstance.py:2076} INFO - Dependencies all met for dep_context=non-requeueable deps ti=<TaskInstance: update_db.core_table manual__2025-12-18T00:56:41.604594+00:00 [queued]>
[2025-12-18T00:56:43.222+0000] {taskinstance.py:2076} INFO - Dependencies all met for dep_context=requeueable deps ti=<TaskInstance: update_db.core_table manual__2025-12-18T00:56:41.604594+00:00 [queued]>
[2025-12-18T00:56:43.223+0000] {taskinstance.py:2306} INFO - Starting attempt 1 of 1
[2025-12-18T00:56:43.228+0000] {taskinstance.py:2330} INFO - Executing <Task(_PythonDecoratedOperator): core_table> on 2025-12-18 00:56:41.604594+00:00
[2025-12-18T00:56:43.232+0000] {standard_task_runner.py:63} INFO - Started process 170 to run task
[2025-12-18T00:56:43.235+0000] {standard_task_runner.py:90} INFO - Running: ['airflow', 'tasks', 'run', 'update_db', 'core_table', 'manual__2025-12-18T00:56:41.604594+00:00', '--job-id', '48', '--raw', '--subdir', 'DAGS_FOLDER/main.py', '--cfg-path', '/tmp/tmpl_8u__dx']
[2025-12-18T00:56:43.236+0000] {standard_task_runner.py:91} INFO - Job 48: Subtask core_table
[2025-12-18T00:56:43.273+0000] {task_command.py:426} INFO - Running <TaskInstance: update_db.core_table manual__2025-12-18T00:56:41.604594+00:00 [running]> on host 4c149cf835c8
[2025-12-18T00:56:43.323+0000] {taskinstance.py:2648} INFO - Exporting env vars: AIRFLOW_CTX_DAG_EMAIL='data@engineers.com' AIRFLOW_CTX_DAG_OWNER='airflow' AIRFLOW_CTX_DAG_ID='update_db' AIRFLOW_CTX_TASK_ID='core_table' AIRFLOW_CTX_EXECUTION_DATE='2025-12-18T00:56:41.604594+00:00' AIRFLOW_CTX_TRY_NUMBER='1' AIRFLOW_CTX_DAG_RUN_ID='manual__2025-12-18T00:56:41.604594+00:00'
[2025-12-18T00:56:43.324+0000] {taskinstance.py:430} INFO - ::endgroup::
[2025-12-18T00:56:43.330+0000] {base.py:84} INFO - Using connection ID 'POSTGRES_DB_YT_ELT' for task execution.
[2025-12-18T00:56:43.334+0000] {base.py:84} INFO - Using connection ID 'POSTGRES_DB_YT_ELT' for task execution.
[2025-12-18T00:56:43.340+0000] {base.py:84} INFO - Using connection ID 'POSTGRES_DB_YT_ELT' for task execution.
[2025-12-18T00:56:43.353+0000] {dwh.py:105} ERROR - Error processing core table: 'RealDictCursor' object has no attribute 'excute'
[2025-12-18T00:56:43.353+0000] {taskinstance.py:441} INFO - ::group::Post task execution logs
[2025-12-18T00:56:43.354+0000] {taskinstance.py:2905} ERROR - Task failed with exception
Traceback (most recent call last):
  File "/home/airflow/.local/lib/python3.10/site-packages/airflow/models/taskinstance.py", line 465, in _execute_task
    result = _execute_callable(context=context, **execute_callable_kwargs)
  File "/home/airflow/.local/lib/python3.10/site-packages/airflow/models/taskinstance.py", line 432, in _execute_callable
    return execute_callable(context=context, **execute_callable_kwargs)
  File "/home/airflow/.local/lib/python3.10/site-packages/airflow/models/baseoperator.py", line 401, in wrapper
    return func(self, *args, **kwargs)
  File "/home/airflow/.local/lib/python3.10/site-packages/airflow/decorators/base.py", line 265, in execute
    return_value = super().execute(context)
  File "/home/airflow/.local/lib/python3.10/site-packages/airflow/models/baseoperator.py", line 401, in wrapper
    return func(self, *args, **kwargs)
  File "/home/airflow/.local/lib/python3.10/site-packages/airflow/operators/python.py", line 235, in execute
    return_value = self.execute_callable()
  File "/home/airflow/.local/lib/python3.10/site-packages/airflow/operators/python.py", line 252, in execute_callable
    return self.python_callable(*self.op_args, **self.op_kwargs)
  File "/opt/airflow/dags/datawarehouse/dwh.py", line 106, in core_table
    raise e
  File "/opt/airflow/dags/datawarehouse/dwh.py", line 78, in core_table
    cur.excute(f"SELECT * FROM staging.{table};")
AttributeError: 'RealDictCursor' object has no attribute 'excute'
[2025-12-18T00:56:43.362+0000] {taskinstance.py:1206} INFO - Marking task as FAILED. dag_id=update_db, task_id=core_table, run_id=manual__2025-12-18T00:56:41.604594+00:00, execution_date=20251218T005641, start_date=20251218T005643, end_date=20251218T005643
[2025-12-18T00:56:43.367+0000] {standard_task_runner.py:110} ERROR - Failed to execute job 48 for task core_table ('RealDictCursor' object has no attribute 'excute'; 170)
[2025-12-18T00:56:43.410+0000] {local_task_job_runner.py:240} INFO - Task exited with return code 1
[2025-12-18T00:56:43.423+0000] {taskinstance.py:3503} INFO - 0 downstream tasks scheduled from follow-on schedule check
[2025-12-18T00:56:43.424+0000] {local_task_job_runner.py:222} INFO - ::endgroup::
